<?xml version="1.0" encoding="UTF-8"?>
<!-- Generated by org.testng.reporters.JUnitXMLReporter -->
<testsuite ignored="2" hostname="LTIN689647" failures="4" tests="23" name="chrometest" time="29.173" errors="0" timestamp="2026-03-23T09:57:53 IST">
  <testcase classname="testCases.HeaderCheck" name="headerCheck" time="0.046"/>
  <testcase classname="testCases.HeaderCheck" name="homeNavigationCheck" time="0.354"/>
  <testcase classname="testCases.HeaderCheck" name="analyticsNavigationCheck" time="0.53"/>
  <testcase classname="testCases.HeaderCheck" name="ThemeCheck" time="0.407"/>
  <testcase classname="testCases.ProfileStrengthCheck" name="analyticsNavCheckInHome1" time="0.355"/>
  <testcase classname="testCases.ProfileStrengthCheck" name="validCheckProfileform" time="1.236"/>
  <testcase classname="testCases.ProfileStrengthCheck" name="validCheckProfileform" time="0.946"/>
  <testcase classname="testCases.ProfileStrengthCheck" name="validCheckProfileform" time="0.868"/>
  <testcase classname="testCases.ProfileStrengthCheck" name="validCheckProfileform" time="1.07">
    <failure type="java.lang.AssertionError" message="The following asserts failed:
	expected [true] but found [false],
	expected [true] but found [false]">
      <![CDATA[java.lang.AssertionError: The following asserts failed:
expected [true] but found [false],
expected [true] but found [false]
at testCases.ProfileStrengthCheck.validCheckProfileform(ProfileStrengthCheck.java:63)
at java.base/java.util.ArrayList.forEach(ArrayList.java:1596)
at java.base/java.util.concurrent.FutureTask.run(FutureTask.java:317)
at java.base/java.util.concurrent.ThreadPoolExecutor.runWorker(ThreadPoolExecutor.java:1144)
at java.base/java.util.concurrent.ThreadPoolExecutor$Worker.run(ThreadPoolExecutor.java:642)
at java.base/java.lang.Thread.run(Thread.java:1583)
... Removed 17 stack frames]]>
    </failure>
  </testcase> <!-- validCheckProfileform -->
  <testcase classname="testCases.ProfileStrengthCheck" name="validCheckProfileform" time="1.101">
    <failure type="java.lang.AssertionError" message="The following asserts failed:
	expected [true] but found [false]">
      <![CDATA[java.lang.AssertionError: The following asserts failed:
expected [true] but found [false]
at testCases.ProfileStrengthCheck.validCheckProfileform(ProfileStrengthCheck.java:63)
at java.base/java.util.ArrayList.forEach(ArrayList.java:1596)
at java.base/java.util.concurrent.FutureTask.run(FutureTask.java:317)
at java.base/java.util.concurrent.ThreadPoolExecutor.runWorker(ThreadPoolExecutor.java:1144)
at java.base/java.util.concurrent.ThreadPoolExecutor$Worker.run(ThreadPoolExecutor.java:642)
at java.base/java.lang.Thread.run(Thread.java:1583)
... Removed 17 stack frames]]>
    </failure>
  </testcase> <!-- validCheckProfileform -->
  <testcase classname="testCases.ProfileStrengthCheck" name="validCheckProfileform" time="1.004"/>
  <testcase classname="testCases.ProfileStrengthCheck" name="validCheckProfileform" time="0.977">
    <failure type="java.lang.AssertionError" message="The following asserts failed:
	expected [true] but found [false],
	expected [true] but found [false]">
      <![CDATA[java.lang.AssertionError: The following asserts failed:
expected [true] but found [false],
expected [true] but found [false]
at testCases.ProfileStrengthCheck.validCheckProfileform(ProfileStrengthCheck.java:63)
at java.base/java.util.ArrayList.forEach(ArrayList.java:1596)
at java.base/java.util.concurrent.FutureTask.run(FutureTask.java:317)
at java.base/java.util.concurrent.ThreadPoolExecutor.runWorker(ThreadPoolExecutor.java:1144)
at java.base/java.util.concurrent.ThreadPoolExecutor$Worker.run(ThreadPoolExecutor.java:642)
at java.base/java.lang.Thread.run(Thread.java:1583)
... Removed 17 stack frames]]>
    </failure>
  </testcase> <!-- validCheckProfileform -->
  <testcase classname="testCases.ProfileStrengthCheck" name="validCheckProfileform" time="0.975">
    <failure type="java.lang.AssertionError" message="The following asserts failed:
	expected [true] but found [false],
	expected [true] but found [false]">
      <![CDATA[java.lang.AssertionError: The following asserts failed:
expected [true] but found [false],
expected [true] but found [false]
at testCases.ProfileStrengthCheck.validCheckProfileform(ProfileStrengthCheck.java:63)
at java.base/java.util.ArrayList.forEach(ArrayList.java:1596)
at java.base/java.util.concurrent.FutureTask.run(FutureTask.java:317)
at java.base/java.util.concurrent.ThreadPoolExecutor.runWorker(ThreadPoolExecutor.java:1144)
at java.base/java.util.concurrent.ThreadPoolExecutor$Worker.run(ThreadPoolExecutor.java:642)
at java.base/java.lang.Thread.run(Thread.java:1583)
... Removed 17 stack frames]]>
    </failure>
  </testcase> <!-- validCheckProfileform -->
  <testcase classname="testCases.ProfileStrengthCheck" name="validCheckProfileform" time="1.012"/>
  <testcase classname="testCases.ProfileStrengthCheck" name="validCheckProfileform" time="1.853"/>
  <testcase classname="testCases.ProfileStrengthCheck" name="validCheckProfileform" time="1.376"/>
  <testcase classname="testCases.ProfileStrengthCheck" name="validCheckProfileform" time="1.313"/>
  <testcase classname="testCases.ProfileStrengthCheck" name="invalidCheckProfileForm" time="0.94"/>
  <testcase classname="testCases.ProfileStrengthCheck" name="invalidCheckProfileForm" time="0.813"/>
  <testcase classname="testCases.ProfileStrengthCheck" name="invalidCheckProfileForm" time="0.815"/>
  <testcase classname="testCases.ProfileStrengthCheck" name="invalidCheckProfileForm" time="0.699"/>
  <testcase classname="testCases.ProfileStrengthCheck" name="analyticsNavCheckInHome2" time="0.635"/>
  <testcase classname="testCases.ProfileStrengthCheck" name="checkAnalyzeAnotherProfileLink" time="0.622"/>
  <testcase classname="testBase.BaseClass" name="@AfterTest tearDown" time="0.0">
    <ignored/>
  </testcase> <!-- @AfterTest tearDown -->
  <testcase classname="testBase.BaseClass" name="@BeforeTest setup" time="0.0">
    <ignored/>
  </testcase> <!-- @BeforeTest setup -->
</testsuite> <!-- chrometest -->
