<?xml version="1.0" encoding="UTF-8"?>
<!-- Generated by org.testng.reporters.JUnitXMLReporter -->
<testsuite ignored="2" hostname="LTIN689647" failures="4" tests="23" name="chrometest" time="32.329" errors="0" timestamp="2026-03-30T14:26:14 IST">
  <testcase classname="testCases.HeaderCheck" name="headerCheck" time="0.071"/>
  <testcase classname="testCases.HeaderCheck" name="homeNavigationCheck" time="0.455"/>
  <testcase classname="testCases.HeaderCheck" name="analyticsNavigationCheck" time="1.421"/>
  <testcase classname="testCases.HeaderCheck" name="ThemeCheck" time="0.467"/>
  <testcase classname="testCases.ProfileStrengthCheck" name="analyticsNavCheckInHome1" time="0.425"/>
  <testcase classname="testCases.ProfileStrengthCheck" name="validCheckProfileform" time="1.375"/>
  <testcase classname="testCases.ProfileStrengthCheck" name="validCheckProfileform" time="1.15"/>
  <testcase classname="testCases.ProfileStrengthCheck" name="validCheckProfileform" time="1.103"/>
  <testcase classname="testCases.ProfileStrengthCheck" name="validCheckProfileform" time="1.16">
    <failure type="java.lang.AssertionError" message="The following asserts failed:
	expected [true] but found [false],
	expected [true] but found [false]">
      <![CDATA[java.lang.AssertionError: The following asserts failed:
expected [true] but found [false],
expected [true] but found [false]
at testCases.ProfileStrengthCheck.validCheckProfileform(ProfileStrengthCheck.java:63)
at java.base/java.util.ArrayList.forEach(ArrayList.java:1596)
at java.base/java.util.concurrent.FutureTask.run(FutureTask.java:317)
at java.base/java.util.concurrent.ThreadPoolExecutor.runWorker(ThreadPoolExecutor.java:1144)
at java.base/java.util.concurrent.ThreadPoolExecutor$Worker.run(ThreadPoolExecutor.java:642)
at java.base/java.lang.Thread.run(Thread.java:1583)
... Removed 17 stack frames]]>
    </failure>
  </testcase> <!-- validCheckProfileform -->
  <testcase classname="testCases.ProfileStrengthCheck" name="validCheckProfileform" time="1.149">
    <failure type="java.lang.AssertionError" message="The following asserts failed:
	expected [true] but found [false]">
      <![CDATA[java.lang.AssertionError: The following asserts failed:
expected [true] but found [false]
at testCases.ProfileStrengthCheck.validCheckProfileform(ProfileStrengthCheck.java:63)
at java.base/java.util.ArrayList.forEach(ArrayList.java:1596)
at java.base/java.util.concurrent.FutureTask.run(FutureTask.java:317)
at java.base/java.util.concurrent.ThreadPoolExecutor.runWorker(ThreadPoolExecutor.java:1144)
at java.base/java.util.concurrent.ThreadPoolExecutor$Worker.run(ThreadPoolExecutor.java:642)
at java.base/java.lang.Thread.run(Thread.java:1583)
... Removed 17 stack frames]]>
    </failure>
  </testcase> <!-- validCheckProfileform -->
  <testcase classname="testCases.ProfileStrengthCheck" name="validCheckProfileform" time="1.088"/>
  <testcase classname="testCases.ProfileStrengthCheck" name="validCheckProfileform" time="1.09">
    <failure type="java.lang.AssertionError" message="The following asserts failed:
	expected [true] but found [false],
	expected [true] but found [false]">
      <![CDATA[java.lang.AssertionError: The following asserts failed:
expected [true] but found [false],
expected [true] but found [false]
at testCases.ProfileStrengthCheck.validCheckProfileform(ProfileStrengthCheck.java:63)
at java.base/java.util.ArrayList.forEach(ArrayList.java:1596)
at java.base/java.util.concurrent.FutureTask.run(FutureTask.java:317)
at java.base/java.util.concurrent.ThreadPoolExecutor.runWorker(ThreadPoolExecutor.java:1144)
at java.base/java.util.concurrent.ThreadPoolExecutor$Worker.run(ThreadPoolExecutor.java:642)
at java.base/java.lang.Thread.run(Thread.java:1583)
... Removed 17 stack frames]]>
    </failure>
  </testcase> <!-- validCheckProfileform -->
  <testcase classname="testCases.ProfileStrengthCheck" name="validCheckProfileform" time="1.107">
    <failure type="java.lang.AssertionError" message="The following asserts failed:
	expected [true] but found [false],
	expected [true] but found [false]">
      <![CDATA[java.lang.AssertionError: The following asserts failed:
expected [true] but found [false],
expected [true] but found [false]
at testCases.ProfileStrengthCheck.validCheckProfileform(ProfileStrengthCheck.java:63)
at java.base/java.util.ArrayList.forEach(ArrayList.java:1596)
at java.base/java.util.concurrent.FutureTask.run(FutureTask.java:317)
at java.base/java.util.concurrent.ThreadPoolExecutor.runWorker(ThreadPoolExecutor.java:1144)
at java.base/java.util.concurrent.ThreadPoolExecutor$Worker.run(ThreadPoolExecutor.java:642)
at java.base/java.lang.Thread.run(Thread.java:1583)
... Removed 17 stack frames]]>
    </failure>
  </testcase> <!-- validCheckProfileform -->
  <testcase classname="testCases.ProfileStrengthCheck" name="validCheckProfileform" time="1.214"/>
  <testcase classname="testCases.ProfileStrengthCheck" name="validCheckProfileform" time="1.1"/>
  <testcase classname="testCases.ProfileStrengthCheck" name="validCheckProfileform" time="1.067"/>
  <testcase classname="testCases.ProfileStrengthCheck" name="validCheckProfileform" time="1.065"/>
  <testcase classname="testCases.ProfileStrengthCheck" name="invalidCheckProfileForm" time="0.742"/>
  <testcase classname="testCases.ProfileStrengthCheck" name="invalidCheckProfileForm" time="0.808"/>
  <testcase classname="testCases.ProfileStrengthCheck" name="invalidCheckProfileForm" time="0.772"/>
  <testcase classname="testCases.ProfileStrengthCheck" name="invalidCheckProfileForm" time="0.718"/>
  <testcase classname="testCases.ProfileStrengthCheck" name="analyticsNavCheckInHome2" time="0.614"/>
  <testcase classname="testCases.ProfileStrengthCheck" name="checkAnalyzeAnotherProfileLink" time="0.335"/>
  <testcase classname="testBase.BaseClass" name="@AfterTest tearDown" time="0.0">
    <ignored/>
  </testcase> <!-- @AfterTest tearDown -->
  <testcase classname="testBase.BaseClass" name="@BeforeTest setup" time="0.0">
    <ignored/>
  </testcase> <!-- @BeforeTest setup -->
</testsuite> <!-- chrometest -->
