<?xml version="1.0" encoding="UTF-8"?>
<!-- Generated by org.testng.reporters.JUnitXMLReporter -->
<testsuite ignored="2" hostname="LTIN689647" failures="5" tests="23" name="edgetest" time="30.162" errors="0" timestamp="2026-03-23T09:57:53 IST">
  <testcase classname="testCases.HeaderCheck" name="headerCheck" time="0.116"/>
  <testcase classname="testCases.HeaderCheck" name="homeNavigationCheck" time="0.373"/>
  <testcase classname="testCases.HeaderCheck" name="analyticsNavigationCheck" time="1.214"/>
  <testcase classname="testCases.HeaderCheck" name="ThemeCheck" time="0.438"/>
  <testcase classname="testCases.ProfileStrengthCheck" name="analyticsNavCheckInHome1" time="0.406"/>
  <testcase classname="testCases.ProfileStrengthCheck" name="validCheckProfileform" time="1.526"/>
  <testcase classname="testCases.ProfileStrengthCheck" name="validCheckProfileform" time="1.049"/>
  <testcase classname="testCases.ProfileStrengthCheck" name="validCheckProfileform" time="1.118"/>
  <testcase classname="testCases.ProfileStrengthCheck" name="validCheckProfileform" time="1.103">
    <failure type="java.lang.AssertionError" message="The following asserts failed:
	expected [true] but found [false],
	expected [true] but found [false]">
      <![CDATA[java.lang.AssertionError: The following asserts failed:
expected [true] but found [false],
expected [true] but found [false]
at testCases.ProfileStrengthCheck.validCheckProfileform(ProfileStrengthCheck.java:63)
at java.base/java.util.ArrayList.forEach(ArrayList.java:1596)
at java.base/java.util.concurrent.FutureTask.run(FutureTask.java:317)
at java.base/java.util.concurrent.ThreadPoolExecutor.runWorker(ThreadPoolExecutor.java:1144)
at java.base/java.util.concurrent.ThreadPoolExecutor$Worker.run(ThreadPoolExecutor.java:642)
at java.base/java.lang.Thread.run(Thread.java:1583)
... Removed 17 stack frames]]>
    </failure>
  </testcase> <!-- validCheckProfileform -->
  <testcase classname="testCases.ProfileStrengthCheck" name="validCheckProfileform" time="1.127">
    <failure type="java.lang.AssertionError" message="The following asserts failed:
	expected [true] but found [false]">
      <![CDATA[java.lang.AssertionError: The following asserts failed:
expected [true] but found [false]
at testCases.ProfileStrengthCheck.validCheckProfileform(ProfileStrengthCheck.java:63)
at java.base/java.util.ArrayList.forEach(ArrayList.java:1596)
at java.base/java.util.concurrent.FutureTask.run(FutureTask.java:317)
at java.base/java.util.concurrent.ThreadPoolExecutor.runWorker(ThreadPoolExecutor.java:1144)
at java.base/java.util.concurrent.ThreadPoolExecutor$Worker.run(ThreadPoolExecutor.java:642)
at java.base/java.lang.Thread.run(Thread.java:1583)
... Removed 17 stack frames]]>
    </failure>
  </testcase> <!-- validCheckProfileform -->
  <testcase classname="testCases.ProfileStrengthCheck" name="validCheckProfileform" time="0.978"/>
  <testcase classname="testCases.ProfileStrengthCheck" name="validCheckProfileform" time="1.011">
    <failure type="java.lang.AssertionError" message="The following asserts failed:
	expected [true] but found [false],
	expected [true] but found [false]">
      <![CDATA[java.lang.AssertionError: The following asserts failed:
expected [true] but found [false],
expected [true] but found [false]
at testCases.ProfileStrengthCheck.validCheckProfileform(ProfileStrengthCheck.java:63)
at java.base/java.util.ArrayList.forEach(ArrayList.java:1596)
at java.base/java.util.concurrent.FutureTask.run(FutureTask.java:317)
at java.base/java.util.concurrent.ThreadPoolExecutor.runWorker(ThreadPoolExecutor.java:1144)
at java.base/java.util.concurrent.ThreadPoolExecutor$Worker.run(ThreadPoolExecutor.java:642)
at java.base/java.lang.Thread.run(Thread.java:1583)
... Removed 17 stack frames]]>
    </failure>
  </testcase> <!-- validCheckProfileform -->
  <testcase classname="testCases.ProfileStrengthCheck" name="validCheckProfileform" time="1.07">
    <failure type="java.lang.AssertionError" message="The following asserts failed:
	expected [true] but found [false],
	expected [true] but found [false]">
      <![CDATA[java.lang.AssertionError: The following asserts failed:
expected [true] but found [false],
expected [true] but found [false]
at testCases.ProfileStrengthCheck.validCheckProfileform(ProfileStrengthCheck.java:63)
at java.base/java.util.ArrayList.forEach(ArrayList.java:1596)
at java.base/java.util.concurrent.FutureTask.run(FutureTask.java:317)
at java.base/java.util.concurrent.ThreadPoolExecutor.runWorker(ThreadPoolExecutor.java:1144)
at java.base/java.util.concurrent.ThreadPoolExecutor$Worker.run(ThreadPoolExecutor.java:642)
at java.base/java.lang.Thread.run(Thread.java:1583)
... Removed 17 stack frames]]>
    </failure>
  </testcase> <!-- validCheckProfileform -->
  <testcase classname="testCases.ProfileStrengthCheck" name="validCheckProfileform" time="1.616"/>
  <testcase classname="testCases.ProfileStrengthCheck" name="validCheckProfileform" time="1.708">
    <failure type="java.lang.AssertionError" message="The following asserts failed:
	expected [true] but found [false]">
      <![CDATA[java.lang.AssertionError: The following asserts failed:
expected [true] but found [false]
at testCases.ProfileStrengthCheck.validCheckProfileform(ProfileStrengthCheck.java:63)
at java.base/java.util.ArrayList.forEach(ArrayList.java:1596)
at java.base/java.util.concurrent.FutureTask.run(FutureTask.java:317)
at java.base/java.util.concurrent.ThreadPoolExecutor.runWorker(ThreadPoolExecutor.java:1144)
at java.base/java.util.concurrent.ThreadPoolExecutor$Worker.run(ThreadPoolExecutor.java:642)
at java.base/java.lang.Thread.run(Thread.java:1583)
... Removed 17 stack frames]]>
    </failure>
  </testcase> <!-- validCheckProfileform -->
  <testcase classname="testCases.ProfileStrengthCheck" name="validCheckProfileform" time="1.54"/>
  <testcase classname="testCases.ProfileStrengthCheck" name="validCheckProfileform" time="1.087"/>
  <testcase classname="testCases.ProfileStrengthCheck" name="invalidCheckProfileForm" time="0.803"/>
  <testcase classname="testCases.ProfileStrengthCheck" name="invalidCheckProfileForm" time="0.812"/>
  <testcase classname="testCases.ProfileStrengthCheck" name="invalidCheckProfileForm" time="0.793"/>
  <testcase classname="testCases.ProfileStrengthCheck" name="invalidCheckProfileForm" time="0.711"/>
  <testcase classname="testCases.ProfileStrengthCheck" name="analyticsNavCheckInHome2" time="0.562"/>
  <testcase classname="testCases.ProfileStrengthCheck" name="checkAnalyzeAnotherProfileLink" time="0.385"/>
  <testcase classname="testBase.BaseClass" name="@AfterTest tearDown" time="0.0">
    <ignored/>
  </testcase> <!-- @AfterTest tearDown -->
  <testcase classname="testBase.BaseClass" name="@BeforeTest setup" time="0.0">
    <ignored/>
  </testcase> <!-- @BeforeTest setup -->
</testsuite> <!-- edgetest -->
