<?xml version="1.0" encoding="UTF-8"?>
<!-- Generated by org.testng.reporters.JUnitXMLReporter -->
<testsuite ignored="2" hostname="LTIN689647" failures="4" tests="23" name="edgetest" time="32.273" errors="0" timestamp="2026-03-30T14:26:14 IST">
  <testcase classname="testCases.HeaderCheck" name="headerCheck" time="0.087"/>
  <testcase classname="testCases.HeaderCheck" name="homeNavigationCheck" time="0.453"/>
  <testcase classname="testCases.HeaderCheck" name="analyticsNavigationCheck" time="1.354"/>
  <testcase classname="testCases.HeaderCheck" name="ThemeCheck" time="0.437"/>
  <testcase classname="testCases.ProfileStrengthCheck" name="analyticsNavCheckInHome1" time="0.389"/>
  <testcase classname="testCases.ProfileStrengthCheck" name="validCheckProfileform" time="1.351"/>
  <testcase classname="testCases.ProfileStrengthCheck" name="validCheckProfileform" time="1.04"/>
  <testcase classname="testCases.ProfileStrengthCheck" name="validCheckProfileform" time="1.043"/>
  <testcase classname="testCases.ProfileStrengthCheck" name="validCheckProfileform" time="1.032">
    <failure type="java.lang.AssertionError" message="The following asserts failed:
	expected [true] but found [false],
	expected [true] but found [false]">
      <![CDATA[java.lang.AssertionError: The following asserts failed:
expected [true] but found [false],
expected [true] but found [false]
at testCases.ProfileStrengthCheck.validCheckProfileform(ProfileStrengthCheck.java:63)
at java.base/java.util.ArrayList.forEach(ArrayList.java:1596)
at java.base/java.util.concurrent.FutureTask.run(FutureTask.java:317)
at java.base/java.util.concurrent.ThreadPoolExecutor.runWorker(ThreadPoolExecutor.java:1144)
at java.base/java.util.concurrent.ThreadPoolExecutor$Worker.run(ThreadPoolExecutor.java:642)
at java.base/java.lang.Thread.run(Thread.java:1583)
... Removed 17 stack frames]]>
    </failure>
  </testcase> <!-- validCheckProfileform -->
  <testcase classname="testCases.ProfileStrengthCheck" name="validCheckProfileform" time="1.093">
    <failure type="java.lang.AssertionError" message="The following asserts failed:
	expected [true] but found [false]">
      <![CDATA[java.lang.AssertionError: The following asserts failed:
expected [true] but found [false]
at testCases.ProfileStrengthCheck.validCheckProfileform(ProfileStrengthCheck.java:63)
at java.base/java.util.ArrayList.forEach(ArrayList.java:1596)
at java.base/java.util.concurrent.FutureTask.run(FutureTask.java:317)
at java.base/java.util.concurrent.ThreadPoolExecutor.runWorker(ThreadPoolExecutor.java:1144)
at java.base/java.util.concurrent.ThreadPoolExecutor$Worker.run(ThreadPoolExecutor.java:642)
at java.base/java.lang.Thread.run(Thread.java:1583)
... Removed 17 stack frames]]>
    </failure>
  </testcase> <!-- validCheckProfileform -->
  <testcase classname="testCases.ProfileStrengthCheck" name="validCheckProfileform" time="1.083"/>
  <testcase classname="testCases.ProfileStrengthCheck" name="validCheckProfileform" time="1.089">
    <failure type="java.lang.AssertionError" message="The following asserts failed:
	expected [true] but found [false],
	expected [true] but found [false]">
      <![CDATA[java.lang.AssertionError: The following asserts failed:
expected [true] but found [false],
expected [true] but found [false]
at testCases.ProfileStrengthCheck.validCheckProfileform(ProfileStrengthCheck.java:63)
at java.base/java.util.ArrayList.forEach(ArrayList.java:1596)
at java.base/java.util.concurrent.FutureTask.run(FutureTask.java:317)
at java.base/java.util.concurrent.ThreadPoolExecutor.runWorker(ThreadPoolExecutor.java:1144)
at java.base/java.util.concurrent.ThreadPoolExecutor$Worker.run(ThreadPoolExecutor.java:642)
at java.base/java.lang.Thread.run(Thread.java:1583)
... Removed 17 stack frames]]>
    </failure>
  </testcase> <!-- validCheckProfileform -->
  <testcase classname="testCases.ProfileStrengthCheck" name="validCheckProfileform" time="1.115">
    <failure type="java.lang.AssertionError" message="The following asserts failed:
	expected [true] but found [false],
	expected [true] but found [false]">
      <![CDATA[java.lang.AssertionError: The following asserts failed:
expected [true] but found [false],
expected [true] but found [false]
at testCases.ProfileStrengthCheck.validCheckProfileform(ProfileStrengthCheck.java:63)
at java.base/java.util.ArrayList.forEach(ArrayList.java:1596)
at java.base/java.util.concurrent.FutureTask.run(FutureTask.java:317)
at java.base/java.util.concurrent.ThreadPoolExecutor.runWorker(ThreadPoolExecutor.java:1144)
at java.base/java.util.concurrent.ThreadPoolExecutor$Worker.run(ThreadPoolExecutor.java:642)
at java.base/java.lang.Thread.run(Thread.java:1583)
... Removed 17 stack frames]]>
    </failure>
  </testcase> <!-- validCheckProfileform -->
  <testcase classname="testCases.ProfileStrengthCheck" name="validCheckProfileform" time="1.179"/>
  <testcase classname="testCases.ProfileStrengthCheck" name="validCheckProfileform" time="1.162"/>
  <testcase classname="testCases.ProfileStrengthCheck" name="validCheckProfileform" time="1.087"/>
  <testcase classname="testCases.ProfileStrengthCheck" name="validCheckProfileform" time="1.078"/>
  <testcase classname="testCases.ProfileStrengthCheck" name="invalidCheckProfileForm" time="0.742"/>
  <testcase classname="testCases.ProfileStrengthCheck" name="invalidCheckProfileForm" time="0.753"/>
  <testcase classname="testCases.ProfileStrengthCheck" name="invalidCheckProfileForm" time="0.825"/>
  <testcase classname="testCases.ProfileStrengthCheck" name="invalidCheckProfileForm" time="0.739"/>
  <testcase classname="testCases.ProfileStrengthCheck" name="analyticsNavCheckInHome2" time="0.603"/>
  <testcase classname="testCases.ProfileStrengthCheck" name="checkAnalyzeAnotherProfileLink" time="0.552"/>
  <testcase classname="testBase.BaseClass" name="@AfterTest tearDown" time="0.0">
    <ignored/>
  </testcase> <!-- @AfterTest tearDown -->
  <testcase classname="testBase.BaseClass" name="@BeforeTest setup" time="0.0">
    <ignored/>
  </testcase> <!-- @BeforeTest setup -->
</testsuite> <!-- edgetest -->
