<?xml version="1.0" encoding="UTF-8"?>
<!-- Generated by org.testng.reporters.JUnitXMLReporter -->
<testsuite ignored="2" hostname="LTIN689647" failures="4" tests="22" name="Test" time="17.666" errors="0" timestamp="2026-03-18T14:49:47 IST">
  <testcase classname="testCases.HeaderCheck" name="headerCheck" time="0.049"/>
  <testcase classname="testCases.HeaderCheck" name="homeNavigationCheck" time="0.256"/>
  <testcase classname="testCases.HeaderCheck" name="analyticsNavigationCheck" time="0.615"/>
  <testcase classname="testCases.HeaderCheck" name="ThemeCheck" time="0.342"/>
  <testcase classname="testCases.ProfileStrengthCheck" name="analyticsNavCheckInHome1" time="0.517"/>
  <testcase classname="testCases.ProfileStrengthCheck" name="validCheckProfileform" time="1.351"/>
  <testcase classname="testCases.ProfileStrengthCheck" name="validCheckProfileform" time="1.12"/>
  <testcase classname="testCases.ProfileStrengthCheck" name="validCheckProfileform" time="1.132"/>
  <testcase classname="testCases.ProfileStrengthCheck" name="validCheckProfileform" time="0.881">
    <failure type="java.lang.AssertionError" message="The following asserts failed:
	expected [true] but found [false],
	expected [true] but found [false]">
      <![CDATA[java.lang.AssertionError: The following asserts failed:
expected [true] but found [false],
expected [true] but found [false]
at testCases.ProfileStrengthCheck.validCheckProfileform(ProfileStrengthCheck.java:36)
at java.base/java.util.ArrayList.forEach(ArrayList.java:1596)
... Removed 27 stack frames]]>
    </failure>
  </testcase> <!-- validCheckProfileform -->
  <testcase classname="testCases.ProfileStrengthCheck" name="validCheckProfileform" time="0.81">
    <failure type="java.lang.AssertionError" message="The following asserts failed:
	expected [true] but found [false]">
      <![CDATA[java.lang.AssertionError: The following asserts failed:
expected [true] but found [false]
at testCases.ProfileStrengthCheck.validCheckProfileform(ProfileStrengthCheck.java:36)
at java.base/java.util.ArrayList.forEach(ArrayList.java:1596)
... Removed 27 stack frames]]>
    </failure>
  </testcase> <!-- validCheckProfileform -->
  <testcase classname="testCases.ProfileStrengthCheck" name="validCheckProfileform" time="1.006"/>
  <testcase classname="testCases.ProfileStrengthCheck" name="validCheckProfileform" time="0.926">
    <failure type="java.lang.AssertionError" message="The following asserts failed:
	expected [true] but found [false],
	expected [true] but found [false]">
      <![CDATA[java.lang.AssertionError: The following asserts failed:
expected [true] but found [false],
expected [true] but found [false]
at testCases.ProfileStrengthCheck.validCheckProfileform(ProfileStrengthCheck.java:36)
at java.base/java.util.ArrayList.forEach(ArrayList.java:1596)
... Removed 27 stack frames]]>
    </failure>
  </testcase> <!-- validCheckProfileform -->
  <testcase classname="testCases.ProfileStrengthCheck" name="validCheckProfileform" time="0.972">
    <failure type="java.lang.AssertionError" message="The following asserts failed:
	expected [true] but found [false],
	expected [true] but found [false]">
      <![CDATA[java.lang.AssertionError: The following asserts failed:
expected [true] but found [false],
expected [true] but found [false]
at testCases.ProfileStrengthCheck.validCheckProfileform(ProfileStrengthCheck.java:36)
at java.base/java.util.ArrayList.forEach(ArrayList.java:1596)
... Removed 27 stack frames]]>
    </failure>
  </testcase> <!-- validCheckProfileform -->
  <testcase classname="testCases.ProfileStrengthCheck" name="validCheckProfileform" time="1.275"/>
  <testcase classname="testCases.ProfileStrengthCheck" name="validCheckProfileform" time="1.333"/>
  <testcase classname="testCases.ProfileStrengthCheck" name="validCheckProfileform" time="1.073"/>
  <testcase classname="testCases.ProfileStrengthCheck" name="validCheckProfileform" time="1.035"/>
  <testcase classname="testCases.ProfileStrengthCheck" name="invalidCheckProfileForm" time="0.513"/>
  <testcase classname="testCases.ProfileStrengthCheck" name="invalidCheckProfileForm" time="0.529"/>
  <testcase classname="testCases.ProfileStrengthCheck" name="invalidCheckProfileForm" time="0.551"/>
  <testcase classname="testCases.ProfileStrengthCheck" name="invalidCheckProfileForm" time="0.521"/>
  <testcase classname="testCases.ProfileStrengthCheck" name="analyticsNavCheckInHome2" time="0.757"/>
  <testcase classname="testBase.BaseClass" name="@BeforeSuite setup" time="0.0">
    <ignored/>
  </testcase> <!-- @BeforeSuite setup -->
  <testcase classname="testBase.BaseClass" name="@AfterSuite tearDown" time="0.0">
    <ignored/>
  </testcase> <!-- @AfterSuite tearDown -->
</testsuite> <!-- Test -->
