<?xml version="1.0" encoding="UTF-8"?>
<testng-results ignored="0" total="46" passed="38" failed="8" skipped="0">
  <reporter-output>
  </reporter-output>
  <suite started-at="2026-03-30T14:25:41 IST" name="Suite" finished-at="2026-03-30T14:26:14 IST" duration-ms="32329">
    <groups>
      <group name="Sanity">
        <method signature="ProfileStrengthCheck.validCheckProfileform(java.lang.String,java.lang.String,java.lang.String)[pri:6, instance:testCases.ProfileStrengthCheck@f27ea3]" name="validCheckProfileform" class="testCases.ProfileStrengthCheck"/>
        <method signature="ProfileStrengthCheck.validCheckProfileform(java.lang.String,java.lang.String,java.lang.String)[pri:6, instance:testCases.ProfileStrengthCheck@741b3bc3]" name="validCheckProfileform" class="testCases.ProfileStrengthCheck"/>
      </group> <!-- Sanity -->
    </groups>
    <test started-at="2026-03-30T14:25:41 IST" name="chrometest" finished-at="2026-03-30T14:26:14 IST" duration-ms="32329">
      <class name="testCases.HeaderCheck">
        <test-method is-config="true" signature="setup(java.lang.String)[pri:0, instance:testCases.HeaderCheck@65aa6596]" started-at="2026-03-30T14:25:42 IST" name="setup" finished-at="2026-03-30T14:25:50 IST" duration-ms="8395" status="PASS">
          <params>
            <param index="0">
              <value>
                <![CDATA[chrome]]>
              </value>
            </param>
          </params>
          <reporter-output>
          </reporter-output>
        </test-method> <!-- setup -->
        <test-method is-config="true" signature="inits()[pri:0, instance:testCases.HeaderCheck@65aa6596]" started-at="2026-03-30T14:25:50 IST" name="inits" finished-at="2026-03-30T14:25:50 IST" duration-ms="0" status="PASS">
          <reporter-output>
          </reporter-output>
        </test-method> <!-- inits -->
        <test-method signature="headerCheck()[pri:1, instance:testCases.HeaderCheck@65aa6596]" started-at="2026-03-30T14:25:50 IST" name="headerCheck" finished-at="2026-03-30T14:25:50 IST" duration-ms="71" status="PASS">
          <reporter-output>
          </reporter-output>
        </test-method> <!-- headerCheck -->
        <test-method signature="homeNavigationCheck()[pri:2, instance:testCases.HeaderCheck@65aa6596]" started-at="2026-03-30T14:25:50 IST" name="homeNavigationCheck" finished-at="2026-03-30T14:25:50 IST" duration-ms="455" status="PASS">
          <reporter-output>
          </reporter-output>
        </test-method> <!-- homeNavigationCheck -->
        <test-method signature="analyticsNavigationCheck()[pri:3, instance:testCases.HeaderCheck@65aa6596]" started-at="2026-03-30T14:25:50 IST" name="analyticsNavigationCheck" finished-at="2026-03-30T14:25:52 IST" duration-ms="1421" status="PASS">
          <reporter-output>
          </reporter-output>
        </test-method> <!-- analyticsNavigationCheck -->
        <test-method signature="ThemeCheck()[pri:4, instance:testCases.HeaderCheck@65aa6596]" started-at="2026-03-30T14:25:52 IST" name="ThemeCheck" finished-at="2026-03-30T14:25:52 IST" duration-ms="467" status="PASS">
          <reporter-output>
          </reporter-output>
        </test-method> <!-- ThemeCheck -->
        <test-method is-config="true" signature="tearDown()[pri:0, instance:testCases.HeaderCheck@65aa6596]" started-at="2026-03-30T14:26:12 IST" name="tearDown" finished-at="2026-03-30T14:26:14 IST" duration-ms="2010" status="PASS">
          <reporter-output>
          </reporter-output>
        </test-method> <!-- tearDown -->
      </class> <!-- testCases.HeaderCheck -->
      <class name="testCases.ProfileStrengthCheck">
        <test-method signature="analyticsNavCheckInHome1()[pri:5, instance:testCases.ProfileStrengthCheck@f27ea3]" started-at="2026-03-30T14:25:52 IST" name="analyticsNavCheckInHome1" finished-at="2026-03-30T14:25:53 IST" duration-ms="425" status="PASS">
          <reporter-output>
          </reporter-output>
        </test-method> <!-- analyticsNavCheckInHome1 -->
        <test-method is-config="true" signature="inits()[pri:0, instance:testCases.ProfileStrengthCheck@f27ea3]" started-at="2026-03-30T14:25:52 IST" name="inits" finished-at="2026-03-30T14:25:52 IST" duration-ms="0" status="PASS">
          <reporter-output>
          </reporter-output>
        </test-method> <!-- inits -->
        <test-method signature="validCheckProfileform(java.lang.String,java.lang.String,java.lang.String)[pri:6, instance:testCases.ProfileStrengthCheck@f27ea3]" started-at="2026-03-30T14:25:53 IST" name="validCheckProfileform" data-provider="ValidProfileData" finished-at="2026-03-30T14:25:54 IST" duration-ms="1375" status="PASS">
          <params>
            <param index="0">
              <value>
                <![CDATA[0-1 years]]>
              </value>
            </param>
            <param index="1">
              <value>
                <![CDATA[0]]>
              </value>
            </param>
            <param index="2">
              <value>
                <![CDATA[0]]>
              </value>
            </param>
          </params>
          <reporter-output>
          </reporter-output>
        </test-method> <!-- validCheckProfileform -->
        <test-method signature="validCheckProfileform(java.lang.String,java.lang.String,java.lang.String)[pri:6, instance:testCases.ProfileStrengthCheck@f27ea3]" started-at="2026-03-30T14:25:54 IST" name="validCheckProfileform" data-provider="ValidProfileData" finished-at="2026-03-30T14:25:55 IST" duration-ms="1150" status="PASS">
          <params>
            <param index="0">
              <value>
                <![CDATA[0-1 years]]>
              </value>
            </param>
            <param index="1">
              <value>
                <![CDATA[1]]>
              </value>
            </param>
            <param index="2">
              <value>
                <![CDATA[1]]>
              </value>
            </param>
          </params>
          <reporter-output>
          </reporter-output>
        </test-method> <!-- validCheckProfileform -->
        <test-method signature="validCheckProfileform(java.lang.String,java.lang.String,java.lang.String)[pri:6, instance:testCases.ProfileStrengthCheck@f27ea3]" started-at="2026-03-30T14:25:55 IST" name="validCheckProfileform" data-provider="ValidProfileData" finished-at="2026-03-30T14:25:56 IST" duration-ms="1103" status="PASS">
          <params>
            <param index="0">
              <value>
                <![CDATA[0-1 years]]>
              </value>
            </param>
            <param index="1">
              <value>
                <![CDATA[5]]>
              </value>
            </param>
            <param index="2">
              <value>
                <![CDATA[5]]>
              </value>
            </param>
          </params>
          <reporter-output>
          </reporter-output>
        </test-method> <!-- validCheckProfileform -->
        <test-method signature="validCheckProfileform(java.lang.String,java.lang.String,java.lang.String)[pri:6, instance:testCases.ProfileStrengthCheck@f27ea3]" started-at="2026-03-30T14:25:56 IST" name="validCheckProfileform" data-provider="ValidProfileData" finished-at="2026-03-30T14:25:58 IST" duration-ms="1160" status="FAIL">
          <params>
            <param index="0">
              <value>
                <![CDATA[2-5 years]]>
              </value>
            </param>
            <param index="1">
              <value>
                <![CDATA[0]]>
              </value>
            </param>
            <param index="2">
              <value>
                <![CDATA[0]]>
              </value>
            </param>
          </params>
          <exception class="java.lang.AssertionError">
            <message>
              <![CDATA[The following asserts failed:
expected [true] but found [false],
expected [true] but found [false]]]>
            </message>
            <full-stacktrace>
              <![CDATA[java.lang.AssertionError: The following asserts failed:
expected [true] but found [false],
expected [true] but found [false]
at org.testng.asserts.SoftAssert.assertAll(SoftAssert.java:46)
at org.testng.asserts.SoftAssert.assertAll(SoftAssert.java:30)
at testCases.ProfileStrengthCheck.validCheckProfileform(ProfileStrengthCheck.java:63)
at java.base/jdk.internal.reflect.DirectMethodHandleAccessor.invoke(DirectMethodHandleAccessor.java:103)
at java.base/java.lang.reflect.Method.invoke(Method.java:580)
at org.testng.internal.invokers.MethodInvocationHelper.invokeMethod(MethodInvocationHelper.java:139)
at org.testng.internal.invokers.TestInvoker.invokeMethod(TestInvoker.java:664)
at org.testng.internal.invokers.TestInvoker.invokeTestMethod(TestInvoker.java:228)
at org.testng.internal.invokers.MethodRunner.runInSequence(MethodRunner.java:63)
at org.testng.internal.invokers.TestInvoker$MethodInvocationAgent.invoke(TestInvoker.java:961)
at org.testng.internal.invokers.TestInvoker.invokeTestMethods(TestInvoker.java:201)
at org.testng.internal.invokers.TestMethodWorker.invokeTestMethods(TestMethodWorker.java:148)
at org.testng.internal.invokers.TestMethodWorker.run(TestMethodWorker.java:128)
at java.base/java.util.ArrayList.forEach(ArrayList.java:1596)
at org.testng.TestRunner.privateRun(TestRunner.java:819)
at org.testng.TestRunner.run(TestRunner.java:619)
at org.testng.SuiteRunner.runTest(SuiteRunner.java:443)
at org.testng.SuiteRunner$SuiteWorker.run(SuiteRunner.java:481)
at org.testng.internal.thread.ThreadUtil.lambda$execute$0(ThreadUtil.java:58)
at java.base/java.util.concurrent.FutureTask.run(FutureTask.java:317)
at java.base/java.util.concurrent.ThreadPoolExecutor.runWorker(ThreadPoolExecutor.java:1144)
at java.base/java.util.concurrent.ThreadPoolExecutor$Worker.run(ThreadPoolExecutor.java:642)
at java.base/java.lang.Thread.run(Thread.java:1583)
]]>
            </full-stacktrace>
          </exception> <!-- java.lang.AssertionError -->
          <reporter-output>
          </reporter-output>
        </test-method> <!-- validCheckProfileform -->
        <test-method signature="validCheckProfileform(java.lang.String,java.lang.String,java.lang.String)[pri:6, instance:testCases.ProfileStrengthCheck@f27ea3]" started-at="2026-03-30T14:25:58 IST" name="validCheckProfileform" data-provider="ValidProfileData" finished-at="2026-03-30T14:25:59 IST" duration-ms="1149" status="FAIL">
          <params>
            <param index="0">
              <value>
                <![CDATA[2-5 years]]>
              </value>
            </param>
            <param index="1">
              <value>
                <![CDATA[1]]>
              </value>
            </param>
            <param index="2">
              <value>
                <![CDATA[1]]>
              </value>
            </param>
          </params>
          <exception class="java.lang.AssertionError">
            <message>
              <![CDATA[The following asserts failed:
expected [true] but found [false]]]>
            </message>
            <full-stacktrace>
              <![CDATA[java.lang.AssertionError: The following asserts failed:
expected [true] but found [false]
at org.testng.asserts.SoftAssert.assertAll(SoftAssert.java:46)
at org.testng.asserts.SoftAssert.assertAll(SoftAssert.java:30)
at testCases.ProfileStrengthCheck.validCheckProfileform(ProfileStrengthCheck.java:63)
at java.base/jdk.internal.reflect.DirectMethodHandleAccessor.invoke(DirectMethodHandleAccessor.java:103)
at java.base/java.lang.reflect.Method.invoke(Method.java:580)
at org.testng.internal.invokers.MethodInvocationHelper.invokeMethod(MethodInvocationHelper.java:139)
at org.testng.internal.invokers.TestInvoker.invokeMethod(TestInvoker.java:664)
at org.testng.internal.invokers.TestInvoker.invokeTestMethod(TestInvoker.java:228)
at org.testng.internal.invokers.MethodRunner.runInSequence(MethodRunner.java:63)
at org.testng.internal.invokers.TestInvoker$MethodInvocationAgent.invoke(TestInvoker.java:961)
at org.testng.internal.invokers.TestInvoker.invokeTestMethods(TestInvoker.java:201)
at org.testng.internal.invokers.TestMethodWorker.invokeTestMethods(TestMethodWorker.java:148)
at org.testng.internal.invokers.TestMethodWorker.run(TestMethodWorker.java:128)
at java.base/java.util.ArrayList.forEach(ArrayList.java:1596)
at org.testng.TestRunner.privateRun(TestRunner.java:819)
at org.testng.TestRunner.run(TestRunner.java:619)
at org.testng.SuiteRunner.runTest(SuiteRunner.java:443)
at org.testng.SuiteRunner$SuiteWorker.run(SuiteRunner.java:481)
at org.testng.internal.thread.ThreadUtil.lambda$execute$0(ThreadUtil.java:58)
at java.base/java.util.concurrent.FutureTask.run(FutureTask.java:317)
at java.base/java.util.concurrent.ThreadPoolExecutor.runWorker(ThreadPoolExecutor.java:1144)
at java.base/java.util.concurrent.ThreadPoolExecutor$Worker.run(ThreadPoolExecutor.java:642)
at java.base/java.lang.Thread.run(Thread.java:1583)
]]>
            </full-stacktrace>
          </exception> <!-- java.lang.AssertionError -->
          <reporter-output>
          </reporter-output>
        </test-method> <!-- validCheckProfileform -->
        <test-method signature="validCheckProfileform(java.lang.String,java.lang.String,java.lang.String)[pri:6, instance:testCases.ProfileStrengthCheck@f27ea3]" started-at="2026-03-30T14:25:59 IST" name="validCheckProfileform" data-provider="ValidProfileData" finished-at="2026-03-30T14:26:00 IST" duration-ms="1088" status="PASS">
          <params>
            <param index="0">
              <value>
                <![CDATA[2-5 years]]>
              </value>
            </param>
            <param index="1">
              <value>
                <![CDATA[25]]>
              </value>
            </param>
            <param index="2">
              <value>
                <![CDATA[25]]>
              </value>
            </param>
          </params>
          <reporter-output>
          </reporter-output>
        </test-method> <!-- validCheckProfileform -->
        <test-method signature="validCheckProfileform(java.lang.String,java.lang.String,java.lang.String)[pri:6, instance:testCases.ProfileStrengthCheck@f27ea3]" started-at="2026-03-30T14:26:00 IST" name="validCheckProfileform" data-provider="ValidProfileData" finished-at="2026-03-30T14:26:02 IST" duration-ms="1090" status="FAIL">
          <params>
            <param index="0">
              <value>
                <![CDATA[6-10 years]]>
              </value>
            </param>
            <param index="1">
              <value>
                <![CDATA[0]]>
              </value>
            </param>
            <param index="2">
              <value>
                <![CDATA[0]]>
              </value>
            </param>
          </params>
          <exception class="java.lang.AssertionError">
            <message>
              <![CDATA[The following asserts failed:
expected [true] but found [false],
expected [true] but found [false]]]>
            </message>
            <full-stacktrace>
              <![CDATA[java.lang.AssertionError: The following asserts failed:
expected [true] but found [false],
expected [true] but found [false]
at org.testng.asserts.SoftAssert.assertAll(SoftAssert.java:46)
at org.testng.asserts.SoftAssert.assertAll(SoftAssert.java:30)
at testCases.ProfileStrengthCheck.validCheckProfileform(ProfileStrengthCheck.java:63)
at java.base/jdk.internal.reflect.DirectMethodHandleAccessor.invoke(DirectMethodHandleAccessor.java:103)
at java.base/java.lang.reflect.Method.invoke(Method.java:580)
at org.testng.internal.invokers.MethodInvocationHelper.invokeMethod(MethodInvocationHelper.java:139)
at org.testng.internal.invokers.TestInvoker.invokeMethod(TestInvoker.java:664)
at org.testng.internal.invokers.TestInvoker.invokeTestMethod(TestInvoker.java:228)
at org.testng.internal.invokers.MethodRunner.runInSequence(MethodRunner.java:63)
at org.testng.internal.invokers.TestInvoker$MethodInvocationAgent.invoke(TestInvoker.java:961)
at org.testng.internal.invokers.TestInvoker.invokeTestMethods(TestInvoker.java:201)
at org.testng.internal.invokers.TestMethodWorker.invokeTestMethods(TestMethodWorker.java:148)
at org.testng.internal.invokers.TestMethodWorker.run(TestMethodWorker.java:128)
at java.base/java.util.ArrayList.forEach(ArrayList.java:1596)
at org.testng.TestRunner.privateRun(TestRunner.java:819)
at org.testng.TestRunner.run(TestRunner.java:619)
at org.testng.SuiteRunner.runTest(SuiteRunner.java:443)
at org.testng.SuiteRunner$SuiteWorker.run(SuiteRunner.java:481)
at org.testng.internal.thread.ThreadUtil.lambda$execute$0(ThreadUtil.java:58)
at java.base/java.util.concurrent.FutureTask.run(FutureTask.java:317)
at java.base/java.util.concurrent.ThreadPoolExecutor.runWorker(ThreadPoolExecutor.java:1144)
at java.base/java.util.concurrent.ThreadPoolExecutor$Worker.run(ThreadPoolExecutor.java:642)
at java.base/java.lang.Thread.run(Thread.java:1583)
]]>
            </full-stacktrace>
          </exception> <!-- java.lang.AssertionError -->
          <reporter-output>
          </reporter-output>
        </test-method> <!-- validCheckProfileform -->
        <test-method signature="validCheckProfileform(java.lang.String,java.lang.String,java.lang.String)[pri:6, instance:testCases.ProfileStrengthCheck@f27ea3]" started-at="2026-03-30T14:26:02 IST" name="validCheckProfileform" data-provider="ValidProfileData" finished-at="2026-03-30T14:26:03 IST" duration-ms="1107" status="FAIL">
          <params>
            <param index="0">
              <value>
                <![CDATA[6-10 years]]>
              </value>
            </param>
            <param index="1">
              <value>
                <![CDATA[1]]>
              </value>
            </param>
            <param index="2">
              <value>
                <![CDATA[1]]>
              </value>
            </param>
          </params>
          <exception class="java.lang.AssertionError">
            <message>
              <![CDATA[The following asserts failed:
expected [true] but found [false],
expected [true] but found [false]]]>
            </message>
            <full-stacktrace>
              <![CDATA[java.lang.AssertionError: The following asserts failed:
expected [true] but found [false],
expected [true] but found [false]
at org.testng.asserts.SoftAssert.assertAll(SoftAssert.java:46)
at org.testng.asserts.SoftAssert.assertAll(SoftAssert.java:30)
at testCases.ProfileStrengthCheck.validCheckProfileform(ProfileStrengthCheck.java:63)
at java.base/jdk.internal.reflect.DirectMethodHandleAccessor.invoke(DirectMethodHandleAccessor.java:103)
at java.base/java.lang.reflect.Method.invoke(Method.java:580)
at org.testng.internal.invokers.MethodInvocationHelper.invokeMethod(MethodInvocationHelper.java:139)
at org.testng.internal.invokers.TestInvoker.invokeMethod(TestInvoker.java:664)
at org.testng.internal.invokers.TestInvoker.invokeTestMethod(TestInvoker.java:228)
at org.testng.internal.invokers.MethodRunner.runInSequence(MethodRunner.java:63)
at org.testng.internal.invokers.TestInvoker$MethodInvocationAgent.invoke(TestInvoker.java:961)
at org.testng.internal.invokers.TestInvoker.invokeTestMethods(TestInvoker.java:201)
at org.testng.internal.invokers.TestMethodWorker.invokeTestMethods(TestMethodWorker.java:148)
at org.testng.internal.invokers.TestMethodWorker.run(TestMethodWorker.java:128)
at java.base/java.util.ArrayList.forEach(ArrayList.java:1596)
at org.testng.TestRunner.privateRun(TestRunner.java:819)
at org.testng.TestRunner.run(TestRunner.java:619)
at org.testng.SuiteRunner.runTest(SuiteRunner.java:443)
at org.testng.SuiteRunner$SuiteWorker.run(SuiteRunner.java:481)
at org.testng.internal.thread.ThreadUtil.lambda$execute$0(ThreadUtil.java:58)
at java.base/java.util.concurrent.FutureTask.run(FutureTask.java:317)
at java.base/java.util.concurrent.ThreadPoolExecutor.runWorker(ThreadPoolExecutor.java:1144)
at java.base/java.util.concurrent.ThreadPoolExecutor$Worker.run(ThreadPoolExecutor.java:642)
at java.base/java.lang.Thread.run(Thread.java:1583)
]]>
            </full-stacktrace>
          </exception> <!-- java.lang.AssertionError -->
          <reporter-output>
          </reporter-output>
        </test-method> <!-- validCheckProfileform -->
        <test-method signature="validCheckProfileform(java.lang.String,java.lang.String,java.lang.String)[pri:6, instance:testCases.ProfileStrengthCheck@f27ea3]" started-at="2026-03-30T14:26:03 IST" name="validCheckProfileform" data-provider="ValidProfileData" finished-at="2026-03-30T14:26:05 IST" duration-ms="1214" status="PASS">
          <params>
            <param index="0">
              <value>
                <![CDATA[6-10 years]]>
              </value>
            </param>
            <param index="1">
              <value>
                <![CDATA[75]]>
              </value>
            </param>
            <param index="2">
              <value>
                <![CDATA[75]]>
              </value>
            </param>
          </params>
          <reporter-output>
          </reporter-output>
        </test-method> <!-- validCheckProfileform -->
        <test-method signature="validCheckProfileform(java.lang.String,java.lang.String,java.lang.String)[pri:6, instance:testCases.ProfileStrengthCheck@f27ea3]" started-at="2026-03-30T14:26:05 IST" name="validCheckProfileform" data-provider="ValidProfileData" finished-at="2026-03-30T14:26:06 IST" duration-ms="1100" status="PASS">
          <params>
            <param index="0">
              <value>
                <![CDATA[10+ years]]>
              </value>
            </param>
            <param index="1">
              <value>
                <![CDATA[0]]>
              </value>
            </param>
            <param index="2">
              <value>
                <![CDATA[0]]>
              </value>
            </param>
          </params>
          <reporter-output>
          </reporter-output>
        </test-method> <!-- validCheckProfileform -->
        <test-method signature="validCheckProfileform(java.lang.String,java.lang.String,java.lang.String)[pri:6, instance:testCases.ProfileStrengthCheck@f27ea3]" started-at="2026-03-30T14:26:06 IST" name="validCheckProfileform" data-provider="ValidProfileData" finished-at="2026-03-30T14:26:07 IST" duration-ms="1067" status="PASS">
          <params>
            <param index="0">
              <value>
                <![CDATA[10+ years]]>
              </value>
            </param>
            <param index="1">
              <value>
                <![CDATA[250]]>
              </value>
            </param>
            <param index="2">
              <value>
                <![CDATA[250]]>
              </value>
            </param>
          </params>
          <reporter-output>
          </reporter-output>
        </test-method> <!-- validCheckProfileform -->
        <test-method signature="validCheckProfileform(java.lang.String,java.lang.String,java.lang.String)[pri:6, instance:testCases.ProfileStrengthCheck@f27ea3]" started-at="2026-03-30T14:26:07 IST" name="validCheckProfileform" data-provider="ValidProfileData" finished-at="2026-03-30T14:26:08 IST" duration-ms="1065" status="PASS">
          <params>
            <param index="0">
              <value>
                <![CDATA[10+ years]]>
              </value>
            </param>
            <param index="1">
              <value>
                <![CDATA[1]]>
              </value>
            </param>
            <param index="2">
              <value>
                <![CDATA[1]]>
              </value>
            </param>
          </params>
          <reporter-output>
          </reporter-output>
        </test-method> <!-- validCheckProfileform -->
        <test-method signature="invalidCheckProfileForm(java.lang.String,java.lang.String,java.lang.String)[pri:7, instance:testCases.ProfileStrengthCheck@f27ea3]" started-at="2026-03-30T14:26:08 IST" name="invalidCheckProfileForm" data-provider="InvalidProfileData" finished-at="2026-03-30T14:26:09 IST" duration-ms="742" status="PASS">
          <params>
            <param index="0">
              <value>
                <![CDATA[0-1 years]]>
              </value>
            </param>
            <param index="1">
              <value>
                <![CDATA[6]]>
              </value>
            </param>
            <param index="2">
              <value>
                <![CDATA[6]]>
              </value>
            </param>
          </params>
          <reporter-output>
          </reporter-output>
        </test-method> <!-- invalidCheckProfileForm -->
        <test-method signature="invalidCheckProfileForm(java.lang.String,java.lang.String,java.lang.String)[pri:7, instance:testCases.ProfileStrengthCheck@f27ea3]" started-at="2026-03-30T14:26:09 IST" name="invalidCheckProfileForm" data-provider="InvalidProfileData" finished-at="2026-03-30T14:26:09 IST" duration-ms="808" status="PASS">
          <params>
            <param index="0">
              <value>
                <![CDATA[2-5 years]]>
              </value>
            </param>
            <param index="1">
              <value>
                <![CDATA[26]]>
              </value>
            </param>
            <param index="2">
              <value>
                <![CDATA[26]]>
              </value>
            </param>
          </params>
          <reporter-output>
          </reporter-output>
        </test-method> <!-- invalidCheckProfileForm -->
        <test-method signature="invalidCheckProfileForm(java.lang.String,java.lang.String,java.lang.String)[pri:7, instance:testCases.ProfileStrengthCheck@f27ea3]" started-at="2026-03-30T14:26:09 IST" name="invalidCheckProfileForm" data-provider="InvalidProfileData" finished-at="2026-03-30T14:26:10 IST" duration-ms="772" status="PASS">
          <params>
            <param index="0">
              <value>
                <![CDATA[6-10 years]]>
              </value>
            </param>
            <param index="1">
              <value>
                <![CDATA[76]]>
              </value>
            </param>
            <param index="2">
              <value>
                <![CDATA[76]]>
              </value>
            </param>
          </params>
          <reporter-output>
          </reporter-output>
        </test-method> <!-- invalidCheckProfileForm -->
        <test-method signature="invalidCheckProfileForm(java.lang.String,java.lang.String,java.lang.String)[pri:7, instance:testCases.ProfileStrengthCheck@f27ea3]" started-at="2026-03-30T14:26:10 IST" name="invalidCheckProfileForm" data-provider="InvalidProfileData" finished-at="2026-03-30T14:26:11 IST" duration-ms="718" status="PASS">
          <params>
            <param index="0">
              <value>
                <![CDATA[10+ years]]>
              </value>
            </param>
            <param index="1">
              <value>
                <![CDATA[260]]>
              </value>
            </param>
            <param index="2">
              <value>
                <![CDATA[260]]>
              </value>
            </param>
          </params>
          <reporter-output>
          </reporter-output>
        </test-method> <!-- invalidCheckProfileForm -->
        <test-method signature="analyticsNavCheckInHome2()[pri:8, instance:testCases.ProfileStrengthCheck@f27ea3]" started-at="2026-03-30T14:26:11 IST" name="analyticsNavCheckInHome2" finished-at="2026-03-30T14:26:11 IST" duration-ms="614" status="PASS">
          <reporter-output>
          </reporter-output>
        </test-method> <!-- analyticsNavCheckInHome2 -->
        <test-method signature="checkAnalyzeAnotherProfileLink()[pri:9, instance:testCases.ProfileStrengthCheck@f27ea3]" started-at="2026-03-30T14:26:11 IST" name="checkAnalyzeAnotherProfileLink" finished-at="2026-03-30T14:26:12 IST" duration-ms="335" status="PASS">
          <reporter-output>
          </reporter-output>
        </test-method> <!-- checkAnalyzeAnotherProfileLink -->
      </class> <!-- testCases.ProfileStrengthCheck -->
    </test> <!-- chrometest -->
    <test started-at="2026-03-30T14:25:41 IST" name="edgetest" finished-at="2026-03-30T14:26:14 IST" duration-ms="32273">
      <class name="testCases.HeaderCheck">
        <test-method is-config="true" signature="setup(java.lang.String)[pri:0, instance:testCases.HeaderCheck@675d8c96]" started-at="2026-03-30T14:25:42 IST" name="setup" finished-at="2026-03-30T14:25:50 IST" duration-ms="8184" status="PASS">
          <params>
            <param index="0">
              <value>
                <![CDATA[edge]]>
              </value>
            </param>
          </params>
          <reporter-output>
          </reporter-output>
        </test-method> <!-- setup -->
        <test-method is-config="true" signature="inits()[pri:0, instance:testCases.HeaderCheck@675d8c96]" started-at="2026-03-30T14:25:50 IST" name="inits" finished-at="2026-03-30T14:25:50 IST" duration-ms="86" status="PASS">
          <reporter-output>
          </reporter-output>
        </test-method> <!-- inits -->
        <test-method signature="headerCheck()[pri:1, instance:testCases.HeaderCheck@675d8c96]" started-at="2026-03-30T14:25:50 IST" name="headerCheck" finished-at="2026-03-30T14:25:50 IST" duration-ms="87" status="PASS">
          <reporter-output>
          </reporter-output>
        </test-method> <!-- headerCheck -->
        <test-method signature="homeNavigationCheck()[pri:2, instance:testCases.HeaderCheck@675d8c96]" started-at="2026-03-30T14:25:50 IST" name="homeNavigationCheck" finished-at="2026-03-30T14:25:50 IST" duration-ms="453" status="PASS">
          <reporter-output>
          </reporter-output>
        </test-method> <!-- homeNavigationCheck -->
        <test-method signature="analyticsNavigationCheck()[pri:3, instance:testCases.HeaderCheck@675d8c96]" started-at="2026-03-30T14:25:50 IST" name="analyticsNavigationCheck" finished-at="2026-03-30T14:25:52 IST" duration-ms="1354" status="PASS">
          <reporter-output>
          </reporter-output>
        </test-method> <!-- analyticsNavigationCheck -->
        <test-method signature="ThemeCheck()[pri:4, instance:testCases.HeaderCheck@675d8c96]" started-at="2026-03-30T14:25:52 IST" name="ThemeCheck" finished-at="2026-03-30T14:25:52 IST" duration-ms="437" status="PASS">
          <reporter-output>
          </reporter-output>
        </test-method> <!-- ThemeCheck -->
        <test-method is-config="true" signature="tearDown()[pri:0, instance:testCases.HeaderCheck@675d8c96]" started-at="2026-03-30T14:26:12 IST" name="tearDown" finished-at="2026-03-30T14:26:14 IST" duration-ms="2171" status="PASS">
          <reporter-output>
          </reporter-output>
        </test-method> <!-- tearDown -->
      </class> <!-- testCases.HeaderCheck -->
      <class name="testCases.ProfileStrengthCheck">
        <test-method signature="analyticsNavCheckInHome1()[pri:5, instance:testCases.ProfileStrengthCheck@741b3bc3]" started-at="2026-03-30T14:25:52 IST" name="analyticsNavCheckInHome1" finished-at="2026-03-30T14:25:53 IST" duration-ms="389" status="PASS">
          <reporter-output>
          </reporter-output>
        </test-method> <!-- analyticsNavCheckInHome1 -->
        <test-method is-config="true" signature="inits()[pri:0, instance:testCases.ProfileStrengthCheck@741b3bc3]" started-at="2026-03-30T14:25:52 IST" name="inits" finished-at="2026-03-30T14:25:52 IST" duration-ms="0" status="PASS">
          <reporter-output>
          </reporter-output>
        </test-method> <!-- inits -->
        <test-method signature="validCheckProfileform(java.lang.String,java.lang.String,java.lang.String)[pri:6, instance:testCases.ProfileStrengthCheck@741b3bc3]" started-at="2026-03-30T14:25:53 IST" name="validCheckProfileform" data-provider="ValidProfileData" finished-at="2026-03-30T14:25:54 IST" duration-ms="1351" status="PASS">
          <params>
            <param index="0">
              <value>
                <![CDATA[0-1 years]]>
              </value>
            </param>
            <param index="1">
              <value>
                <![CDATA[0]]>
              </value>
            </param>
            <param index="2">
              <value>
                <![CDATA[0]]>
              </value>
            </param>
          </params>
          <reporter-output>
          </reporter-output>
        </test-method> <!-- validCheckProfileform -->
        <test-method signature="validCheckProfileform(java.lang.String,java.lang.String,java.lang.String)[pri:6, instance:testCases.ProfileStrengthCheck@741b3bc3]" started-at="2026-03-30T14:25:54 IST" name="validCheckProfileform" data-provider="ValidProfileData" finished-at="2026-03-30T14:25:55 IST" duration-ms="1040" status="PASS">
          <params>
            <param index="0">
              <value>
                <![CDATA[0-1 years]]>
              </value>
            </param>
            <param index="1">
              <value>
                <![CDATA[1]]>
              </value>
            </param>
            <param index="2">
              <value>
                <![CDATA[1]]>
              </value>
            </param>
          </params>
          <reporter-output>
          </reporter-output>
        </test-method> <!-- validCheckProfileform -->
        <test-method signature="validCheckProfileform(java.lang.String,java.lang.String,java.lang.String)[pri:6, instance:testCases.ProfileStrengthCheck@741b3bc3]" started-at="2026-03-30T14:25:55 IST" name="validCheckProfileform" data-provider="ValidProfileData" finished-at="2026-03-30T14:25:56 IST" duration-ms="1043" status="PASS">
          <params>
            <param index="0">
              <value>
                <![CDATA[0-1 years]]>
              </value>
            </param>
            <param index="1">
              <value>
                <![CDATA[5]]>
              </value>
            </param>
            <param index="2">
              <value>
                <![CDATA[5]]>
              </value>
            </param>
          </params>
          <reporter-output>
          </reporter-output>
        </test-method> <!-- validCheckProfileform -->
        <test-method signature="validCheckProfileform(java.lang.String,java.lang.String,java.lang.String)[pri:6, instance:testCases.ProfileStrengthCheck@741b3bc3]" started-at="2026-03-30T14:25:56 IST" name="validCheckProfileform" data-provider="ValidProfileData" finished-at="2026-03-30T14:25:57 IST" duration-ms="1032" status="FAIL">
          <params>
            <param index="0">
              <value>
                <![CDATA[2-5 years]]>
              </value>
            </param>
            <param index="1">
              <value>
                <![CDATA[0]]>
              </value>
            </param>
            <param index="2">
              <value>
                <![CDATA[0]]>
              </value>
            </param>
          </params>
          <exception class="java.lang.AssertionError">
            <message>
              <![CDATA[The following asserts failed:
expected [true] but found [false],
expected [true] but found [false]]]>
            </message>
            <full-stacktrace>
              <![CDATA[java.lang.AssertionError: The following asserts failed:
expected [true] but found [false],
expected [true] but found [false]
at org.testng.asserts.SoftAssert.assertAll(SoftAssert.java:46)
at org.testng.asserts.SoftAssert.assertAll(SoftAssert.java:30)
at testCases.ProfileStrengthCheck.validCheckProfileform(ProfileStrengthCheck.java:63)
at java.base/jdk.internal.reflect.DirectMethodHandleAccessor.invoke(DirectMethodHandleAccessor.java:103)
at java.base/java.lang.reflect.Method.invoke(Method.java:580)
at org.testng.internal.invokers.MethodInvocationHelper.invokeMethod(MethodInvocationHelper.java:139)
at org.testng.internal.invokers.TestInvoker.invokeMethod(TestInvoker.java:664)
at org.testng.internal.invokers.TestInvoker.invokeTestMethod(TestInvoker.java:228)
at org.testng.internal.invokers.MethodRunner.runInSequence(MethodRunner.java:63)
at org.testng.internal.invokers.TestInvoker$MethodInvocationAgent.invoke(TestInvoker.java:961)
at org.testng.internal.invokers.TestInvoker.invokeTestMethods(TestInvoker.java:201)
at org.testng.internal.invokers.TestMethodWorker.invokeTestMethods(TestMethodWorker.java:148)
at org.testng.internal.invokers.TestMethodWorker.run(TestMethodWorker.java:128)
at java.base/java.util.ArrayList.forEach(ArrayList.java:1596)
at org.testng.TestRunner.privateRun(TestRunner.java:819)
at org.testng.TestRunner.run(TestRunner.java:619)
at org.testng.SuiteRunner.runTest(SuiteRunner.java:443)
at org.testng.SuiteRunner$SuiteWorker.run(SuiteRunner.java:481)
at org.testng.internal.thread.ThreadUtil.lambda$execute$0(ThreadUtil.java:58)
at java.base/java.util.concurrent.FutureTask.run(FutureTask.java:317)
at java.base/java.util.concurrent.ThreadPoolExecutor.runWorker(ThreadPoolExecutor.java:1144)
at java.base/java.util.concurrent.ThreadPoolExecutor$Worker.run(ThreadPoolExecutor.java:642)
at java.base/java.lang.Thread.run(Thread.java:1583)
]]>
            </full-stacktrace>
          </exception> <!-- java.lang.AssertionError -->
          <reporter-output>
          </reporter-output>
        </test-method> <!-- validCheckProfileform -->
        <test-method signature="validCheckProfileform(java.lang.String,java.lang.String,java.lang.String)[pri:6, instance:testCases.ProfileStrengthCheck@741b3bc3]" started-at="2026-03-30T14:25:57 IST" name="validCheckProfileform" data-provider="ValidProfileData" finished-at="2026-03-30T14:25:58 IST" duration-ms="1093" status="FAIL">
          <params>
            <param index="0">
              <value>
                <![CDATA[2-5 years]]>
              </value>
            </param>
            <param index="1">
              <value>
                <![CDATA[1]]>
              </value>
            </param>
            <param index="2">
              <value>
                <![CDATA[1]]>
              </value>
            </param>
          </params>
          <exception class="java.lang.AssertionError">
            <message>
              <![CDATA[The following asserts failed:
expected [true] but found [false]]]>
            </message>
            <full-stacktrace>
              <![CDATA[java.lang.AssertionError: The following asserts failed:
expected [true] but found [false]
at org.testng.asserts.SoftAssert.assertAll(SoftAssert.java:46)
at org.testng.asserts.SoftAssert.assertAll(SoftAssert.java:30)
at testCases.ProfileStrengthCheck.validCheckProfileform(ProfileStrengthCheck.java:63)
at java.base/jdk.internal.reflect.DirectMethodHandleAccessor.invoke(DirectMethodHandleAccessor.java:103)
at java.base/java.lang.reflect.Method.invoke(Method.java:580)
at org.testng.internal.invokers.MethodInvocationHelper.invokeMethod(MethodInvocationHelper.java:139)
at org.testng.internal.invokers.TestInvoker.invokeMethod(TestInvoker.java:664)
at org.testng.internal.invokers.TestInvoker.invokeTestMethod(TestInvoker.java:228)
at org.testng.internal.invokers.MethodRunner.runInSequence(MethodRunner.java:63)
at org.testng.internal.invokers.TestInvoker$MethodInvocationAgent.invoke(TestInvoker.java:961)
at org.testng.internal.invokers.TestInvoker.invokeTestMethods(TestInvoker.java:201)
at org.testng.internal.invokers.TestMethodWorker.invokeTestMethods(TestMethodWorker.java:148)
at org.testng.internal.invokers.TestMethodWorker.run(TestMethodWorker.java:128)
at java.base/java.util.ArrayList.forEach(ArrayList.java:1596)
at org.testng.TestRunner.privateRun(TestRunner.java:819)
at org.testng.TestRunner.run(TestRunner.java:619)
at org.testng.SuiteRunner.runTest(SuiteRunner.java:443)
at org.testng.SuiteRunner$SuiteWorker.run(SuiteRunner.java:481)
at org.testng.internal.thread.ThreadUtil.lambda$execute$0(ThreadUtil.java:58)
at java.base/java.util.concurrent.FutureTask.run(FutureTask.java:317)
at java.base/java.util.concurrent.ThreadPoolExecutor.runWorker(ThreadPoolExecutor.java:1144)
at java.base/java.util.concurrent.ThreadPoolExecutor$Worker.run(ThreadPoolExecutor.java:642)
at java.base/java.lang.Thread.run(Thread.java:1583)
]]>
            </full-stacktrace>
          </exception> <!-- java.lang.AssertionError -->
          <reporter-output>
          </reporter-output>
        </test-method> <!-- validCheckProfileform -->
        <test-method signature="validCheckProfileform(java.lang.String,java.lang.String,java.lang.String)[pri:6, instance:testCases.ProfileStrengthCheck@741b3bc3]" started-at="2026-03-30T14:25:59 IST" name="validCheckProfileform" data-provider="ValidProfileData" finished-at="2026-03-30T14:26:00 IST" duration-ms="1083" status="PASS">
          <params>
            <param index="0">
              <value>
                <![CDATA[2-5 years]]>
              </value>
            </param>
            <param index="1">
              <value>
                <![CDATA[25]]>
              </value>
            </param>
            <param index="2">
              <value>
                <![CDATA[25]]>
              </value>
            </param>
          </params>
          <reporter-output>
          </reporter-output>
        </test-method> <!-- validCheckProfileform -->
        <test-method signature="validCheckProfileform(java.lang.String,java.lang.String,java.lang.String)[pri:6, instance:testCases.ProfileStrengthCheck@741b3bc3]" started-at="2026-03-30T14:26:00 IST" name="validCheckProfileform" data-provider="ValidProfileData" finished-at="2026-03-30T14:26:01 IST" duration-ms="1089" status="FAIL">
          <params>
            <param index="0">
              <value>
                <![CDATA[6-10 years]]>
              </value>
            </param>
            <param index="1">
              <value>
                <![CDATA[0]]>
              </value>
            </param>
            <param index="2">
              <value>
                <![CDATA[0]]>
              </value>
            </param>
          </params>
          <exception class="java.lang.AssertionError">
            <message>
              <![CDATA[The following asserts failed:
expected [true] but found [false],
expected [true] but found [false]]]>
            </message>
            <full-stacktrace>
              <![CDATA[java.lang.AssertionError: The following asserts failed:
expected [true] but found [false],
expected [true] but found [false]
at org.testng.asserts.SoftAssert.assertAll(SoftAssert.java:46)
at org.testng.asserts.SoftAssert.assertAll(SoftAssert.java:30)
at testCases.ProfileStrengthCheck.validCheckProfileform(ProfileStrengthCheck.java:63)
at java.base/jdk.internal.reflect.DirectMethodHandleAccessor.invoke(DirectMethodHandleAccessor.java:103)
at java.base/java.lang.reflect.Method.invoke(Method.java:580)
at org.testng.internal.invokers.MethodInvocationHelper.invokeMethod(MethodInvocationHelper.java:139)
at org.testng.internal.invokers.TestInvoker.invokeMethod(TestInvoker.java:664)
at org.testng.internal.invokers.TestInvoker.invokeTestMethod(TestInvoker.java:228)
at org.testng.internal.invokers.MethodRunner.runInSequence(MethodRunner.java:63)
at org.testng.internal.invokers.TestInvoker$MethodInvocationAgent.invoke(TestInvoker.java:961)
at org.testng.internal.invokers.TestInvoker.invokeTestMethods(TestInvoker.java:201)
at org.testng.internal.invokers.TestMethodWorker.invokeTestMethods(TestMethodWorker.java:148)
at org.testng.internal.invokers.TestMethodWorker.run(TestMethodWorker.java:128)
at java.base/java.util.ArrayList.forEach(ArrayList.java:1596)
at org.testng.TestRunner.privateRun(TestRunner.java:819)
at org.testng.TestRunner.run(TestRunner.java:619)
at org.testng.SuiteRunner.runTest(SuiteRunner.java:443)
at org.testng.SuiteRunner$SuiteWorker.run(SuiteRunner.java:481)
at org.testng.internal.thread.ThreadUtil.lambda$execute$0(ThreadUtil.java:58)
at java.base/java.util.concurrent.FutureTask.run(FutureTask.java:317)
at java.base/java.util.concurrent.ThreadPoolExecutor.runWorker(ThreadPoolExecutor.java:1144)
at java.base/java.util.concurrent.ThreadPoolExecutor$Worker.run(ThreadPoolExecutor.java:642)
at java.base/java.lang.Thread.run(Thread.java:1583)
]]>
            </full-stacktrace>
          </exception> <!-- java.lang.AssertionError -->
          <reporter-output>
          </reporter-output>
        </test-method> <!-- validCheckProfileform -->
        <test-method signature="validCheckProfileform(java.lang.String,java.lang.String,java.lang.String)[pri:6, instance:testCases.ProfileStrengthCheck@741b3bc3]" started-at="2026-03-30T14:26:01 IST" name="validCheckProfileform" data-provider="ValidProfileData" finished-at="2026-03-30T14:26:03 IST" duration-ms="1115" status="FAIL">
          <params>
            <param index="0">
              <value>
                <![CDATA[6-10 years]]>
              </value>
            </param>
            <param index="1">
              <value>
                <![CDATA[1]]>
              </value>
            </param>
            <param index="2">
              <value>
                <![CDATA[1]]>
              </value>
            </param>
          </params>
          <exception class="java.lang.AssertionError">
            <message>
              <![CDATA[The following asserts failed:
expected [true] but found [false],
expected [true] but found [false]]]>
            </message>
            <full-stacktrace>
              <![CDATA[java.lang.AssertionError: The following asserts failed:
expected [true] but found [false],
expected [true] but found [false]
at org.testng.asserts.SoftAssert.assertAll(SoftAssert.java:46)
at org.testng.asserts.SoftAssert.assertAll(SoftAssert.java:30)
at testCases.ProfileStrengthCheck.validCheckProfileform(ProfileStrengthCheck.java:63)
at java.base/jdk.internal.reflect.DirectMethodHandleAccessor.invoke(DirectMethodHandleAccessor.java:103)
at java.base/java.lang.reflect.Method.invoke(Method.java:580)
at org.testng.internal.invokers.MethodInvocationHelper.invokeMethod(MethodInvocationHelper.java:139)
at org.testng.internal.invokers.TestInvoker.invokeMethod(TestInvoker.java:664)
at org.testng.internal.invokers.TestInvoker.invokeTestMethod(TestInvoker.java:228)
at org.testng.internal.invokers.MethodRunner.runInSequence(MethodRunner.java:63)
at org.testng.internal.invokers.TestInvoker$MethodInvocationAgent.invoke(TestInvoker.java:961)
at org.testng.internal.invokers.TestInvoker.invokeTestMethods(TestInvoker.java:201)
at org.testng.internal.invokers.TestMethodWorker.invokeTestMethods(TestMethodWorker.java:148)
at org.testng.internal.invokers.TestMethodWorker.run(TestMethodWorker.java:128)
at java.base/java.util.ArrayList.forEach(ArrayList.java:1596)
at org.testng.TestRunner.privateRun(TestRunner.java:819)
at org.testng.TestRunner.run(TestRunner.java:619)
at org.testng.SuiteRunner.runTest(SuiteRunner.java:443)
at org.testng.SuiteRunner$SuiteWorker.run(SuiteRunner.java:481)
at org.testng.internal.thread.ThreadUtil.lambda$execute$0(ThreadUtil.java:58)
at java.base/java.util.concurrent.FutureTask.run(FutureTask.java:317)
at java.base/java.util.concurrent.ThreadPoolExecutor.runWorker(ThreadPoolExecutor.java:1144)
at java.base/java.util.concurrent.ThreadPoolExecutor$Worker.run(ThreadPoolExecutor.java:642)
at java.base/java.lang.Thread.run(Thread.java:1583)
]]>
            </full-stacktrace>
          </exception> <!-- java.lang.AssertionError -->
          <reporter-output>
          </reporter-output>
        </test-method> <!-- validCheckProfileform -->
        <test-method signature="validCheckProfileform(java.lang.String,java.lang.String,java.lang.String)[pri:6, instance:testCases.ProfileStrengthCheck@741b3bc3]" started-at="2026-03-30T14:26:03 IST" name="validCheckProfileform" data-provider="ValidProfileData" finished-at="2026-03-30T14:26:04 IST" duration-ms="1179" status="PASS">
          <params>
            <param index="0">
              <value>
                <![CDATA[6-10 years]]>
              </value>
            </param>
            <param index="1">
              <value>
                <![CDATA[75]]>
              </value>
            </param>
            <param index="2">
              <value>
                <![CDATA[75]]>
              </value>
            </param>
          </params>
          <reporter-output>
          </reporter-output>
        </test-method> <!-- validCheckProfileform -->
        <test-method signature="validCheckProfileform(java.lang.String,java.lang.String,java.lang.String)[pri:6, instance:testCases.ProfileStrengthCheck@741b3bc3]" started-at="2026-03-30T14:26:04 IST" name="validCheckProfileform" data-provider="ValidProfileData" finished-at="2026-03-30T14:26:05 IST" duration-ms="1162" status="PASS">
          <params>
            <param index="0">
              <value>
                <![CDATA[10+ years]]>
              </value>
            </param>
            <param index="1">
              <value>
                <![CDATA[0]]>
              </value>
            </param>
            <param index="2">
              <value>
                <![CDATA[0]]>
              </value>
            </param>
          </params>
          <reporter-output>
          </reporter-output>
        </test-method> <!-- validCheckProfileform -->
        <test-method signature="validCheckProfileform(java.lang.String,java.lang.String,java.lang.String)[pri:6, instance:testCases.ProfileStrengthCheck@741b3bc3]" started-at="2026-03-30T14:26:05 IST" name="validCheckProfileform" data-provider="ValidProfileData" finished-at="2026-03-30T14:26:06 IST" duration-ms="1087" status="PASS">
          <params>
            <param index="0">
              <value>
                <![CDATA[10+ years]]>
              </value>
            </param>
            <param index="1">
              <value>
                <![CDATA[250]]>
              </value>
            </param>
            <param index="2">
              <value>
                <![CDATA[250]]>
              </value>
            </param>
          </params>
          <reporter-output>
          </reporter-output>
        </test-method> <!-- validCheckProfileform -->
        <test-method signature="validCheckProfileform(java.lang.String,java.lang.String,java.lang.String)[pri:6, instance:testCases.ProfileStrengthCheck@741b3bc3]" started-at="2026-03-30T14:26:06 IST" name="validCheckProfileform" data-provider="ValidProfileData" finished-at="2026-03-30T14:26:07 IST" duration-ms="1078" status="PASS">
          <params>
            <param index="0">
              <value>
                <![CDATA[10+ years]]>
              </value>
            </param>
            <param index="1">
              <value>
                <![CDATA[1]]>
              </value>
            </param>
            <param index="2">
              <value>
                <![CDATA[1]]>
              </value>
            </param>
          </params>
          <reporter-output>
          </reporter-output>
        </test-method> <!-- validCheckProfileform -->
        <test-method signature="invalidCheckProfileForm(java.lang.String,java.lang.String,java.lang.String)[pri:7, instance:testCases.ProfileStrengthCheck@741b3bc3]" started-at="2026-03-30T14:26:07 IST" name="invalidCheckProfileForm" data-provider="InvalidProfileData" finished-at="2026-03-30T14:26:08 IST" duration-ms="742" status="PASS">
          <params>
            <param index="0">
              <value>
                <![CDATA[0-1 years]]>
              </value>
            </param>
            <param index="1">
              <value>
                <![CDATA[6]]>
              </value>
            </param>
            <param index="2">
              <value>
                <![CDATA[6]]>
              </value>
            </param>
          </params>
          <reporter-output>
          </reporter-output>
        </test-method> <!-- invalidCheckProfileForm -->
        <test-method signature="invalidCheckProfileForm(java.lang.String,java.lang.String,java.lang.String)[pri:7, instance:testCases.ProfileStrengthCheck@741b3bc3]" started-at="2026-03-30T14:26:08 IST" name="invalidCheckProfileForm" data-provider="InvalidProfileData" finished-at="2026-03-30T14:26:09 IST" duration-ms="753" status="PASS">
          <params>
            <param index="0">
              <value>
                <![CDATA[2-5 years]]>
              </value>
            </param>
            <param index="1">
              <value>
                <![CDATA[26]]>
              </value>
            </param>
            <param index="2">
              <value>
                <![CDATA[26]]>
              </value>
            </param>
          </params>
          <reporter-output>
          </reporter-output>
        </test-method> <!-- invalidCheckProfileForm -->
        <test-method signature="invalidCheckProfileForm(java.lang.String,java.lang.String,java.lang.String)[pri:7, instance:testCases.ProfileStrengthCheck@741b3bc3]" started-at="2026-03-30T14:26:09 IST" name="invalidCheckProfileForm" data-provider="InvalidProfileData" finished-at="2026-03-30T14:26:10 IST" duration-ms="825" status="PASS">
          <params>
            <param index="0">
              <value>
                <![CDATA[6-10 years]]>
              </value>
            </param>
            <param index="1">
              <value>
                <![CDATA[76]]>
              </value>
            </param>
            <param index="2">
              <value>
                <![CDATA[76]]>
              </value>
            </param>
          </params>
          <reporter-output>
          </reporter-output>
        </test-method> <!-- invalidCheckProfileForm -->
        <test-method signature="invalidCheckProfileForm(java.lang.String,java.lang.String,java.lang.String)[pri:7, instance:testCases.ProfileStrengthCheck@741b3bc3]" started-at="2026-03-30T14:26:10 IST" name="invalidCheckProfileForm" data-provider="InvalidProfileData" finished-at="2026-03-30T14:26:10 IST" duration-ms="739" status="PASS">
          <params>
            <param index="0">
              <value>
                <![CDATA[10+ years]]>
              </value>
            </param>
            <param index="1">
              <value>
                <![CDATA[260]]>
              </value>
            </param>
            <param index="2">
              <value>
                <![CDATA[260]]>
              </value>
            </param>
          </params>
          <reporter-output>
          </reporter-output>
        </test-method> <!-- invalidCheckProfileForm -->
        <test-method signature="analyticsNavCheckInHome2()[pri:8, instance:testCases.ProfileStrengthCheck@741b3bc3]" started-at="2026-03-30T14:26:10 IST" name="analyticsNavCheckInHome2" finished-at="2026-03-30T14:26:11 IST" duration-ms="603" status="PASS">
          <reporter-output>
          </reporter-output>
        </test-method> <!-- analyticsNavCheckInHome2 -->
        <test-method signature="checkAnalyzeAnotherProfileLink()[pri:9, instance:testCases.ProfileStrengthCheck@741b3bc3]" started-at="2026-03-30T14:26:11 IST" name="checkAnalyzeAnotherProfileLink" finished-at="2026-03-30T14:26:12 IST" duration-ms="552" status="PASS">
          <reporter-output>
          </reporter-output>
        </test-method> <!-- checkAnalyzeAnotherProfileLink -->
      </class> <!-- testCases.ProfileStrengthCheck -->
    </test> <!-- edgetest -->
  </suite> <!-- Suite -->
</testng-results>
