<?xml version="1.0" encoding="UTF-8"?>
<testng-results ignored="0" total="46" passed="37" failed="9" skipped="0">
  <reporter-output>
  </reporter-output>
  <suite started-at="2026-03-23T09:57:23 IST" name="Suite" finished-at="2026-03-23T09:57:53 IST" duration-ms="30162">
    <groups>
      <group name="Sanity">
        <method signature="ProfileStrengthCheck.validCheckProfileform(java.lang.String,java.lang.String,java.lang.String)[pri:6, instance:testCases.ProfileStrengthCheck@f27ea3]" name="validCheckProfileform" class="testCases.ProfileStrengthCheck"/>
        <method signature="ProfileStrengthCheck.validCheckProfileform(java.lang.String,java.lang.String,java.lang.String)[pri:6, instance:testCases.ProfileStrengthCheck@741b3bc3]" name="validCheckProfileform" class="testCases.ProfileStrengthCheck"/>
      </group> <!-- Sanity -->
    </groups>
    <test started-at="2026-03-23T09:57:23 IST" name="chrometest" finished-at="2026-03-23T09:57:52 IST" duration-ms="29173">
      <class name="testCases.HeaderCheck">
        <test-method is-config="true" signature="setup(java.lang.String)[pri:0, instance:testCases.HeaderCheck@65aa6596]" started-at="2026-03-23T09:57:23 IST" name="setup" finished-at="2026-03-23T09:57:29 IST" duration-ms="5845" status="PASS">
          <params>
            <param index="0">
              <value>
                <![CDATA[chrome]]>
              </value>
            </param>
          </params>
          <reporter-output>
          </reporter-output>
        </test-method> <!-- setup -->
        <test-method is-config="true" signature="inits()[pri:0, instance:testCases.HeaderCheck@65aa6596]" started-at="2026-03-23T09:57:29 IST" name="inits" finished-at="2026-03-23T09:57:29 IST" duration-ms="0" status="PASS">
          <reporter-output>
          </reporter-output>
        </test-method> <!-- inits -->
        <test-method signature="headerCheck()[pri:1, instance:testCases.HeaderCheck@65aa6596]" started-at="2026-03-23T09:57:29 IST" name="headerCheck" finished-at="2026-03-23T09:57:29 IST" duration-ms="46" status="PASS">
          <reporter-output>
          </reporter-output>
        </test-method> <!-- headerCheck -->
        <test-method signature="homeNavigationCheck()[pri:2, instance:testCases.HeaderCheck@65aa6596]" started-at="2026-03-23T09:57:29 IST" name="homeNavigationCheck" finished-at="2026-03-23T09:57:29 IST" duration-ms="354" status="PASS">
          <reporter-output>
          </reporter-output>
        </test-method> <!-- homeNavigationCheck -->
        <test-method signature="analyticsNavigationCheck()[pri:3, instance:testCases.HeaderCheck@65aa6596]" started-at="2026-03-23T09:57:29 IST" name="analyticsNavigationCheck" finished-at="2026-03-23T09:57:30 IST" duration-ms="530" status="PASS">
          <reporter-output>
          </reporter-output>
        </test-method> <!-- analyticsNavigationCheck -->
        <test-method signature="ThemeCheck()[pri:4, instance:testCases.HeaderCheck@65aa6596]" started-at="2026-03-23T09:57:30 IST" name="ThemeCheck" finished-at="2026-03-23T09:57:30 IST" duration-ms="407" status="PASS">
          <reporter-output>
          </reporter-output>
        </test-method> <!-- ThemeCheck -->
        <test-method is-config="true" signature="tearDown()[pri:0, instance:testCases.HeaderCheck@65aa6596]" started-at="2026-03-23T09:57:50 IST" name="tearDown" finished-at="2026-03-23T09:57:52 IST" duration-ms="1978" status="PASS">
          <reporter-output>
          </reporter-output>
        </test-method> <!-- tearDown -->
      </class> <!-- testCases.HeaderCheck -->
      <class name="testCases.ProfileStrengthCheck">
        <test-method is-config="true" signature="inits()[pri:0, instance:testCases.ProfileStrengthCheck@f27ea3]" started-at="2026-03-23T09:57:30 IST" name="inits" finished-at="2026-03-23T09:57:30 IST" duration-ms="0" status="PASS">
          <reporter-output>
          </reporter-output>
        </test-method> <!-- inits -->
        <test-method signature="analyticsNavCheckInHome1()[pri:5, instance:testCases.ProfileStrengthCheck@f27ea3]" started-at="2026-03-23T09:57:30 IST" name="analyticsNavCheckInHome1" finished-at="2026-03-23T09:57:30 IST" duration-ms="355" status="PASS">
          <reporter-output>
          </reporter-output>
        </test-method> <!-- analyticsNavCheckInHome1 -->
        <test-method signature="validCheckProfileform(java.lang.String,java.lang.String,java.lang.String)[pri:6, instance:testCases.ProfileStrengthCheck@f27ea3]" started-at="2026-03-23T09:57:30 IST" name="validCheckProfileform" data-provider="ValidProfileData" finished-at="2026-03-23T09:57:32 IST" duration-ms="1236" status="PASS">
          <params>
            <param index="0">
              <value>
                <![CDATA[0-1 years]]>
              </value>
            </param>
            <param index="1">
              <value>
                <![CDATA[0]]>
              </value>
            </param>
            <param index="2">
              <value>
                <![CDATA[0]]>
              </value>
            </param>
          </params>
          <reporter-output>
          </reporter-output>
        </test-method> <!-- validCheckProfileform -->
        <test-method signature="validCheckProfileform(java.lang.String,java.lang.String,java.lang.String)[pri:6, instance:testCases.ProfileStrengthCheck@f27ea3]" started-at="2026-03-23T09:57:32 IST" name="validCheckProfileform" data-provider="ValidProfileData" finished-at="2026-03-23T09:57:33 IST" duration-ms="946" status="PASS">
          <params>
            <param index="0">
              <value>
                <![CDATA[0-1 years]]>
              </value>
            </param>
            <param index="1">
              <value>
                <![CDATA[1]]>
              </value>
            </param>
            <param index="2">
              <value>
                <![CDATA[1]]>
              </value>
            </param>
          </params>
          <reporter-output>
          </reporter-output>
        </test-method> <!-- validCheckProfileform -->
        <test-method signature="validCheckProfileform(java.lang.String,java.lang.String,java.lang.String)[pri:6, instance:testCases.ProfileStrengthCheck@f27ea3]" started-at="2026-03-23T09:57:33 IST" name="validCheckProfileform" data-provider="ValidProfileData" finished-at="2026-03-23T09:57:33 IST" duration-ms="868" status="PASS">
          <params>
            <param index="0">
              <value>
                <![CDATA[0-1 years]]>
              </value>
            </param>
            <param index="1">
              <value>
                <![CDATA[5]]>
              </value>
            </param>
            <param index="2">
              <value>
                <![CDATA[5]]>
              </value>
            </param>
          </params>
          <reporter-output>
          </reporter-output>
        </test-method> <!-- validCheckProfileform -->
        <test-method signature="validCheckProfileform(java.lang.String,java.lang.String,java.lang.String)[pri:6, instance:testCases.ProfileStrengthCheck@f27ea3]" started-at="2026-03-23T09:57:33 IST" name="validCheckProfileform" data-provider="ValidProfileData" finished-at="2026-03-23T09:57:34 IST" duration-ms="1070" status="FAIL">
          <params>
            <param index="0">
              <value>
                <![CDATA[2-5 years]]>
              </value>
            </param>
            <param index="1">
              <value>
                <![CDATA[0]]>
              </value>
            </param>
            <param index="2">
              <value>
                <![CDATA[0]]>
              </value>
            </param>
          </params>
          <exception class="java.lang.AssertionError">
            <message>
              <![CDATA[The following asserts failed:
expected [true] but found [false],
expected [true] but found [false]]]>
            </message>
            <full-stacktrace>
              <![CDATA[java.lang.AssertionError: The following asserts failed:
expected [true] but found [false],
expected [true] but found [false]
at org.testng.asserts.SoftAssert.assertAll(SoftAssert.java:46)
at org.testng.asserts.SoftAssert.assertAll(SoftAssert.java:30)
at testCases.ProfileStrengthCheck.validCheckProfileform(ProfileStrengthCheck.java:63)
at java.base/jdk.internal.reflect.DirectMethodHandleAccessor.invoke(DirectMethodHandleAccessor.java:103)
at java.base/java.lang.reflect.Method.invoke(Method.java:580)
at org.testng.internal.invokers.MethodInvocationHelper.invokeMethod(MethodInvocationHelper.java:139)
at org.testng.internal.invokers.TestInvoker.invokeMethod(TestInvoker.java:664)
at org.testng.internal.invokers.TestInvoker.invokeTestMethod(TestInvoker.java:228)
at org.testng.internal.invokers.MethodRunner.runInSequence(MethodRunner.java:63)
at org.testng.internal.invokers.TestInvoker$MethodInvocationAgent.invoke(TestInvoker.java:961)
at org.testng.internal.invokers.TestInvoker.invokeTestMethods(TestInvoker.java:201)
at org.testng.internal.invokers.TestMethodWorker.invokeTestMethods(TestMethodWorker.java:148)
at org.testng.internal.invokers.TestMethodWorker.run(TestMethodWorker.java:128)
at java.base/java.util.ArrayList.forEach(ArrayList.java:1596)
at org.testng.TestRunner.privateRun(TestRunner.java:819)
at org.testng.TestRunner.run(TestRunner.java:619)
at org.testng.SuiteRunner.runTest(SuiteRunner.java:443)
at org.testng.SuiteRunner$SuiteWorker.run(SuiteRunner.java:481)
at org.testng.internal.thread.ThreadUtil.lambda$execute$0(ThreadUtil.java:58)
at java.base/java.util.concurrent.FutureTask.run(FutureTask.java:317)
at java.base/java.util.concurrent.ThreadPoolExecutor.runWorker(ThreadPoolExecutor.java:1144)
at java.base/java.util.concurrent.ThreadPoolExecutor$Worker.run(ThreadPoolExecutor.java:642)
at java.base/java.lang.Thread.run(Thread.java:1583)
]]>
            </full-stacktrace>
          </exception> <!-- java.lang.AssertionError -->
          <reporter-output>
          </reporter-output>
        </test-method> <!-- validCheckProfileform -->
        <test-method signature="validCheckProfileform(java.lang.String,java.lang.String,java.lang.String)[pri:6, instance:testCases.ProfileStrengthCheck@f27ea3]" started-at="2026-03-23T09:57:35 IST" name="validCheckProfileform" data-provider="ValidProfileData" finished-at="2026-03-23T09:57:36 IST" duration-ms="1101" status="FAIL">
          <params>
            <param index="0">
              <value>
                <![CDATA[2-5 years]]>
              </value>
            </param>
            <param index="1">
              <value>
                <![CDATA[1]]>
              </value>
            </param>
            <param index="2">
              <value>
                <![CDATA[1]]>
              </value>
            </param>
          </params>
          <exception class="java.lang.AssertionError">
            <message>
              <![CDATA[The following asserts failed:
expected [true] but found [false]]]>
            </message>
            <full-stacktrace>
              <![CDATA[java.lang.AssertionError: The following asserts failed:
expected [true] but found [false]
at org.testng.asserts.SoftAssert.assertAll(SoftAssert.java:46)
at org.testng.asserts.SoftAssert.assertAll(SoftAssert.java:30)
at testCases.ProfileStrengthCheck.validCheckProfileform(ProfileStrengthCheck.java:63)
at java.base/jdk.internal.reflect.DirectMethodHandleAccessor.invoke(DirectMethodHandleAccessor.java:103)
at java.base/java.lang.reflect.Method.invoke(Method.java:580)
at org.testng.internal.invokers.MethodInvocationHelper.invokeMethod(MethodInvocationHelper.java:139)
at org.testng.internal.invokers.TestInvoker.invokeMethod(TestInvoker.java:664)
at org.testng.internal.invokers.TestInvoker.invokeTestMethod(TestInvoker.java:228)
at org.testng.internal.invokers.MethodRunner.runInSequence(MethodRunner.java:63)
at org.testng.internal.invokers.TestInvoker$MethodInvocationAgent.invoke(TestInvoker.java:961)
at org.testng.internal.invokers.TestInvoker.invokeTestMethods(TestInvoker.java:201)
at org.testng.internal.invokers.TestMethodWorker.invokeTestMethods(TestMethodWorker.java:148)
at org.testng.internal.invokers.TestMethodWorker.run(TestMethodWorker.java:128)
at java.base/java.util.ArrayList.forEach(ArrayList.java:1596)
at org.testng.TestRunner.privateRun(TestRunner.java:819)
at org.testng.TestRunner.run(TestRunner.java:619)
at org.testng.SuiteRunner.runTest(SuiteRunner.java:443)
at org.testng.SuiteRunner$SuiteWorker.run(SuiteRunner.java:481)
at org.testng.internal.thread.ThreadUtil.lambda$execute$0(ThreadUtil.java:58)
at java.base/java.util.concurrent.FutureTask.run(FutureTask.java:317)
at java.base/java.util.concurrent.ThreadPoolExecutor.runWorker(ThreadPoolExecutor.java:1144)
at java.base/java.util.concurrent.ThreadPoolExecutor$Worker.run(ThreadPoolExecutor.java:642)
at java.base/java.lang.Thread.run(Thread.java:1583)
]]>
            </full-stacktrace>
          </exception> <!-- java.lang.AssertionError -->
          <reporter-output>
          </reporter-output>
        </test-method> <!-- validCheckProfileform -->
        <test-method signature="validCheckProfileform(java.lang.String,java.lang.String,java.lang.String)[pri:6, instance:testCases.ProfileStrengthCheck@f27ea3]" started-at="2026-03-23T09:57:36 IST" name="validCheckProfileform" data-provider="ValidProfileData" finished-at="2026-03-23T09:57:37 IST" duration-ms="1004" status="PASS">
          <params>
            <param index="0">
              <value>
                <![CDATA[2-5 years]]>
              </value>
            </param>
            <param index="1">
              <value>
                <![CDATA[25]]>
              </value>
            </param>
            <param index="2">
              <value>
                <![CDATA[25]]>
              </value>
            </param>
          </params>
          <reporter-output>
          </reporter-output>
        </test-method> <!-- validCheckProfileform -->
        <test-method signature="validCheckProfileform(java.lang.String,java.lang.String,java.lang.String)[pri:6, instance:testCases.ProfileStrengthCheck@f27ea3]" started-at="2026-03-23T09:57:37 IST" name="validCheckProfileform" data-provider="ValidProfileData" finished-at="2026-03-23T09:57:38 IST" duration-ms="977" status="FAIL">
          <params>
            <param index="0">
              <value>
                <![CDATA[6-10 years]]>
              </value>
            </param>
            <param index="1">
              <value>
                <![CDATA[0]]>
              </value>
            </param>
            <param index="2">
              <value>
                <![CDATA[0]]>
              </value>
            </param>
          </params>
          <exception class="java.lang.AssertionError">
            <message>
              <![CDATA[The following asserts failed:
expected [true] but found [false],
expected [true] but found [false]]]>
            </message>
            <full-stacktrace>
              <![CDATA[java.lang.AssertionError: The following asserts failed:
expected [true] but found [false],
expected [true] but found [false]
at org.testng.asserts.SoftAssert.assertAll(SoftAssert.java:46)
at org.testng.asserts.SoftAssert.assertAll(SoftAssert.java:30)
at testCases.ProfileStrengthCheck.validCheckProfileform(ProfileStrengthCheck.java:63)
at java.base/jdk.internal.reflect.DirectMethodHandleAccessor.invoke(DirectMethodHandleAccessor.java:103)
at java.base/java.lang.reflect.Method.invoke(Method.java:580)
at org.testng.internal.invokers.MethodInvocationHelper.invokeMethod(MethodInvocationHelper.java:139)
at org.testng.internal.invokers.TestInvoker.invokeMethod(TestInvoker.java:664)
at org.testng.internal.invokers.TestInvoker.invokeTestMethod(TestInvoker.java:228)
at org.testng.internal.invokers.MethodRunner.runInSequence(MethodRunner.java:63)
at org.testng.internal.invokers.TestInvoker$MethodInvocationAgent.invoke(TestInvoker.java:961)
at org.testng.internal.invokers.TestInvoker.invokeTestMethods(TestInvoker.java:201)
at org.testng.internal.invokers.TestMethodWorker.invokeTestMethods(TestMethodWorker.java:148)
at org.testng.internal.invokers.TestMethodWorker.run(TestMethodWorker.java:128)
at java.base/java.util.ArrayList.forEach(ArrayList.java:1596)
at org.testng.TestRunner.privateRun(TestRunner.java:819)
at org.testng.TestRunner.run(TestRunner.java:619)
at org.testng.SuiteRunner.runTest(SuiteRunner.java:443)
at org.testng.SuiteRunner$SuiteWorker.run(SuiteRunner.java:481)
at org.testng.internal.thread.ThreadUtil.lambda$execute$0(ThreadUtil.java:58)
at java.base/java.util.concurrent.FutureTask.run(FutureTask.java:317)
at java.base/java.util.concurrent.ThreadPoolExecutor.runWorker(ThreadPoolExecutor.java:1144)
at java.base/java.util.concurrent.ThreadPoolExecutor$Worker.run(ThreadPoolExecutor.java:642)
at java.base/java.lang.Thread.run(Thread.java:1583)
]]>
            </full-stacktrace>
          </exception> <!-- java.lang.AssertionError -->
          <reporter-output>
          </reporter-output>
        </test-method> <!-- validCheckProfileform -->
        <test-method signature="validCheckProfileform(java.lang.String,java.lang.String,java.lang.String)[pri:6, instance:testCases.ProfileStrengthCheck@f27ea3]" started-at="2026-03-23T09:57:38 IST" name="validCheckProfileform" data-provider="ValidProfileData" finished-at="2026-03-23T09:57:39 IST" duration-ms="975" status="FAIL">
          <params>
            <param index="0">
              <value>
                <![CDATA[6-10 years]]>
              </value>
            </param>
            <param index="1">
              <value>
                <![CDATA[1]]>
              </value>
            </param>
            <param index="2">
              <value>
                <![CDATA[1]]>
              </value>
            </param>
          </params>
          <exception class="java.lang.AssertionError">
            <message>
              <![CDATA[The following asserts failed:
expected [true] but found [false],
expected [true] but found [false]]]>
            </message>
            <full-stacktrace>
              <![CDATA[java.lang.AssertionError: The following asserts failed:
expected [true] but found [false],
expected [true] but found [false]
at org.testng.asserts.SoftAssert.assertAll(SoftAssert.java:46)
at org.testng.asserts.SoftAssert.assertAll(SoftAssert.java:30)
at testCases.ProfileStrengthCheck.validCheckProfileform(ProfileStrengthCheck.java:63)
at java.base/jdk.internal.reflect.DirectMethodHandleAccessor.invoke(DirectMethodHandleAccessor.java:103)
at java.base/java.lang.reflect.Method.invoke(Method.java:580)
at org.testng.internal.invokers.MethodInvocationHelper.invokeMethod(MethodInvocationHelper.java:139)
at org.testng.internal.invokers.TestInvoker.invokeMethod(TestInvoker.java:664)
at org.testng.internal.invokers.TestInvoker.invokeTestMethod(TestInvoker.java:228)
at org.testng.internal.invokers.MethodRunner.runInSequence(MethodRunner.java:63)
at org.testng.internal.invokers.TestInvoker$MethodInvocationAgent.invoke(TestInvoker.java:961)
at org.testng.internal.invokers.TestInvoker.invokeTestMethods(TestInvoker.java:201)
at org.testng.internal.invokers.TestMethodWorker.invokeTestMethods(TestMethodWorker.java:148)
at org.testng.internal.invokers.TestMethodWorker.run(TestMethodWorker.java:128)
at java.base/java.util.ArrayList.forEach(ArrayList.java:1596)
at org.testng.TestRunner.privateRun(TestRunner.java:819)
at org.testng.TestRunner.run(TestRunner.java:619)
at org.testng.SuiteRunner.runTest(SuiteRunner.java:443)
at org.testng.SuiteRunner$SuiteWorker.run(SuiteRunner.java:481)
at org.testng.internal.thread.ThreadUtil.lambda$execute$0(ThreadUtil.java:58)
at java.base/java.util.concurrent.FutureTask.run(FutureTask.java:317)
at java.base/java.util.concurrent.ThreadPoolExecutor.runWorker(ThreadPoolExecutor.java:1144)
at java.base/java.util.concurrent.ThreadPoolExecutor$Worker.run(ThreadPoolExecutor.java:642)
at java.base/java.lang.Thread.run(Thread.java:1583)
]]>
            </full-stacktrace>
          </exception> <!-- java.lang.AssertionError -->
          <reporter-output>
          </reporter-output>
        </test-method> <!-- validCheckProfileform -->
        <test-method signature="validCheckProfileform(java.lang.String,java.lang.String,java.lang.String)[pri:6, instance:testCases.ProfileStrengthCheck@f27ea3]" started-at="2026-03-23T09:57:40 IST" name="validCheckProfileform" data-provider="ValidProfileData" finished-at="2026-03-23T09:57:41 IST" duration-ms="1012" status="PASS">
          <params>
            <param index="0">
              <value>
                <![CDATA[6-10 years]]>
              </value>
            </param>
            <param index="1">
              <value>
                <![CDATA[75]]>
              </value>
            </param>
            <param index="2">
              <value>
                <![CDATA[75]]>
              </value>
            </param>
          </params>
          <reporter-output>
          </reporter-output>
        </test-method> <!-- validCheckProfileform -->
        <test-method signature="validCheckProfileform(java.lang.String,java.lang.String,java.lang.String)[pri:6, instance:testCases.ProfileStrengthCheck@f27ea3]" started-at="2026-03-23T09:57:41 IST" name="validCheckProfileform" data-provider="ValidProfileData" finished-at="2026-03-23T09:57:43 IST" duration-ms="1853" status="PASS">
          <params>
            <param index="0">
              <value>
                <![CDATA[10+ years]]>
              </value>
            </param>
            <param index="1">
              <value>
                <![CDATA[0]]>
              </value>
            </param>
            <param index="2">
              <value>
                <![CDATA[0]]>
              </value>
            </param>
          </params>
          <reporter-output>
          </reporter-output>
        </test-method> <!-- validCheckProfileform -->
        <test-method signature="validCheckProfileform(java.lang.String,java.lang.String,java.lang.String)[pri:6, instance:testCases.ProfileStrengthCheck@f27ea3]" started-at="2026-03-23T09:57:43 IST" name="validCheckProfileform" data-provider="ValidProfileData" finished-at="2026-03-23T09:57:44 IST" duration-ms="1376" status="PASS">
          <params>
            <param index="0">
              <value>
                <![CDATA[10+ years]]>
              </value>
            </param>
            <param index="1">
              <value>
                <![CDATA[250]]>
              </value>
            </param>
            <param index="2">
              <value>
                <![CDATA[250]]>
              </value>
            </param>
          </params>
          <reporter-output>
          </reporter-output>
        </test-method> <!-- validCheckProfileform -->
        <test-method signature="validCheckProfileform(java.lang.String,java.lang.String,java.lang.String)[pri:6, instance:testCases.ProfileStrengthCheck@f27ea3]" started-at="2026-03-23T09:57:44 IST" name="validCheckProfileform" data-provider="ValidProfileData" finished-at="2026-03-23T09:57:45 IST" duration-ms="1313" status="PASS">
          <params>
            <param index="0">
              <value>
                <![CDATA[10+ years]]>
              </value>
            </param>
            <param index="1">
              <value>
                <![CDATA[1]]>
              </value>
            </param>
            <param index="2">
              <value>
                <![CDATA[1]]>
              </value>
            </param>
          </params>
          <reporter-output>
          </reporter-output>
        </test-method> <!-- validCheckProfileform -->
        <test-method signature="invalidCheckProfileForm(java.lang.String,java.lang.String,java.lang.String)[pri:7, instance:testCases.ProfileStrengthCheck@f27ea3]" started-at="2026-03-23T09:57:45 IST" name="invalidCheckProfileForm" data-provider="InvalidProfileData" finished-at="2026-03-23T09:57:46 IST" duration-ms="940" status="PASS">
          <params>
            <param index="0">
              <value>
                <![CDATA[0-1 years]]>
              </value>
            </param>
            <param index="1">
              <value>
                <![CDATA[6]]>
              </value>
            </param>
            <param index="2">
              <value>
                <![CDATA[6]]>
              </value>
            </param>
          </params>
          <reporter-output>
          </reporter-output>
        </test-method> <!-- invalidCheckProfileForm -->
        <test-method signature="invalidCheckProfileForm(java.lang.String,java.lang.String,java.lang.String)[pri:7, instance:testCases.ProfileStrengthCheck@f27ea3]" started-at="2026-03-23T09:57:46 IST" name="invalidCheckProfileForm" data-provider="InvalidProfileData" finished-at="2026-03-23T09:57:47 IST" duration-ms="813" status="PASS">
          <params>
            <param index="0">
              <value>
                <![CDATA[2-5 years]]>
              </value>
            </param>
            <param index="1">
              <value>
                <![CDATA[26]]>
              </value>
            </param>
            <param index="2">
              <value>
                <![CDATA[26]]>
              </value>
            </param>
          </params>
          <reporter-output>
          </reporter-output>
        </test-method> <!-- invalidCheckProfileForm -->
        <test-method signature="invalidCheckProfileForm(java.lang.String,java.lang.String,java.lang.String)[pri:7, instance:testCases.ProfileStrengthCheck@f27ea3]" started-at="2026-03-23T09:57:47 IST" name="invalidCheckProfileForm" data-provider="InvalidProfileData" finished-at="2026-03-23T09:57:48 IST" duration-ms="815" status="PASS">
          <params>
            <param index="0">
              <value>
                <![CDATA[6-10 years]]>
              </value>
            </param>
            <param index="1">
              <value>
                <![CDATA[76]]>
              </value>
            </param>
            <param index="2">
              <value>
                <![CDATA[76]]>
              </value>
            </param>
          </params>
          <reporter-output>
          </reporter-output>
        </test-method> <!-- invalidCheckProfileForm -->
        <test-method signature="invalidCheckProfileForm(java.lang.String,java.lang.String,java.lang.String)[pri:7, instance:testCases.ProfileStrengthCheck@f27ea3]" started-at="2026-03-23T09:57:48 IST" name="invalidCheckProfileForm" data-provider="InvalidProfileData" finished-at="2026-03-23T09:57:49 IST" duration-ms="699" status="PASS">
          <params>
            <param index="0">
              <value>
                <![CDATA[10+ years]]>
              </value>
            </param>
            <param index="1">
              <value>
                <![CDATA[260]]>
              </value>
            </param>
            <param index="2">
              <value>
                <![CDATA[260]]>
              </value>
            </param>
          </params>
          <reporter-output>
          </reporter-output>
        </test-method> <!-- invalidCheckProfileForm -->
        <test-method signature="analyticsNavCheckInHome2()[pri:8, instance:testCases.ProfileStrengthCheck@f27ea3]" started-at="2026-03-23T09:57:49 IST" name="analyticsNavCheckInHome2" finished-at="2026-03-23T09:57:49 IST" duration-ms="635" status="PASS">
          <reporter-output>
          </reporter-output>
        </test-method> <!-- analyticsNavCheckInHome2 -->
        <test-method signature="checkAnalyzeAnotherProfileLink()[pri:9, instance:testCases.ProfileStrengthCheck@f27ea3]" started-at="2026-03-23T09:57:49 IST" name="checkAnalyzeAnotherProfileLink" finished-at="2026-03-23T09:57:50 IST" duration-ms="622" status="PASS">
          <reporter-output>
          </reporter-output>
        </test-method> <!-- checkAnalyzeAnotherProfileLink -->
      </class> <!-- testCases.ProfileStrengthCheck -->
    </test> <!-- chrometest -->
    <test started-at="2026-03-23T09:57:23 IST" name="edgetest" finished-at="2026-03-23T09:57:53 IST" duration-ms="30162">
      <class name="testCases.HeaderCheck">
        <test-method is-config="true" signature="setup(java.lang.String)[pri:0, instance:testCases.HeaderCheck@675d8c96]" started-at="2026-03-23T09:57:23 IST" name="setup" finished-at="2026-03-23T09:57:27 IST" duration-ms="4668" status="PASS">
          <params>
            <param index="0">
              <value>
                <![CDATA[edge]]>
              </value>
            </param>
          </params>
          <reporter-output>
          </reporter-output>
        </test-method> <!-- setup -->
        <test-method is-config="true" signature="inits()[pri:0, instance:testCases.HeaderCheck@675d8c96]" started-at="2026-03-23T09:57:27 IST" name="inits" finished-at="2026-03-23T09:57:28 IST" duration-ms="168" status="PASS">
          <reporter-output>
          </reporter-output>
        </test-method> <!-- inits -->
        <test-method signature="headerCheck()[pri:1, instance:testCases.HeaderCheck@675d8c96]" started-at="2026-03-23T09:57:28 IST" name="headerCheck" finished-at="2026-03-23T09:57:28 IST" duration-ms="116" status="PASS">
          <reporter-output>
          </reporter-output>
        </test-method> <!-- headerCheck -->
        <test-method signature="homeNavigationCheck()[pri:2, instance:testCases.HeaderCheck@675d8c96]" started-at="2026-03-23T09:57:28 IST" name="homeNavigationCheck" finished-at="2026-03-23T09:57:28 IST" duration-ms="373" status="PASS">
          <reporter-output>
          </reporter-output>
        </test-method> <!-- homeNavigationCheck -->
        <test-method signature="analyticsNavigationCheck()[pri:3, instance:testCases.HeaderCheck@675d8c96]" started-at="2026-03-23T09:57:28 IST" name="analyticsNavigationCheck" finished-at="2026-03-23T09:57:29 IST" duration-ms="1214" status="PASS">
          <reporter-output>
          </reporter-output>
        </test-method> <!-- analyticsNavigationCheck -->
        <test-method signature="ThemeCheck()[pri:4, instance:testCases.HeaderCheck@675d8c96]" started-at="2026-03-23T09:57:29 IST" name="ThemeCheck" finished-at="2026-03-23T09:57:30 IST" duration-ms="438" status="PASS">
          <reporter-output>
          </reporter-output>
        </test-method> <!-- ThemeCheck -->
        <test-method is-config="true" signature="tearDown()[pri:0, instance:testCases.HeaderCheck@675d8c96]" started-at="2026-03-23T09:57:51 IST" name="tearDown" finished-at="2026-03-23T09:57:53 IST" duration-ms="1982" status="PASS">
          <reporter-output>
          </reporter-output>
        </test-method> <!-- tearDown -->
      </class> <!-- testCases.HeaderCheck -->
      <class name="testCases.ProfileStrengthCheck">
        <test-method is-config="true" signature="inits()[pri:0, instance:testCases.ProfileStrengthCheck@741b3bc3]" started-at="2026-03-23T09:57:30 IST" name="inits" finished-at="2026-03-23T09:57:30 IST" duration-ms="2" status="PASS">
          <reporter-output>
          </reporter-output>
        </test-method> <!-- inits -->
        <test-method signature="analyticsNavCheckInHome1()[pri:5, instance:testCases.ProfileStrengthCheck@741b3bc3]" started-at="2026-03-23T09:57:30 IST" name="analyticsNavCheckInHome1" finished-at="2026-03-23T09:57:30 IST" duration-ms="406" status="PASS">
          <reporter-output>
          </reporter-output>
        </test-method> <!-- analyticsNavCheckInHome1 -->
        <test-method signature="validCheckProfileform(java.lang.String,java.lang.String,java.lang.String)[pri:6, instance:testCases.ProfileStrengthCheck@741b3bc3]" started-at="2026-03-23T09:57:30 IST" name="validCheckProfileform" data-provider="ValidProfileData" finished-at="2026-03-23T09:57:32 IST" duration-ms="1526" status="PASS">
          <params>
            <param index="0">
              <value>
                <![CDATA[0-1 years]]>
              </value>
            </param>
            <param index="1">
              <value>
                <![CDATA[0]]>
              </value>
            </param>
            <param index="2">
              <value>
                <![CDATA[0]]>
              </value>
            </param>
          </params>
          <reporter-output>
          </reporter-output>
        </test-method> <!-- validCheckProfileform -->
        <test-method signature="validCheckProfileform(java.lang.String,java.lang.String,java.lang.String)[pri:6, instance:testCases.ProfileStrengthCheck@741b3bc3]" started-at="2026-03-23T09:57:32 IST" name="validCheckProfileform" data-provider="ValidProfileData" finished-at="2026-03-23T09:57:33 IST" duration-ms="1049" status="PASS">
          <params>
            <param index="0">
              <value>
                <![CDATA[0-1 years]]>
              </value>
            </param>
            <param index="1">
              <value>
                <![CDATA[1]]>
              </value>
            </param>
            <param index="2">
              <value>
                <![CDATA[1]]>
              </value>
            </param>
          </params>
          <reporter-output>
          </reporter-output>
        </test-method> <!-- validCheckProfileform -->
        <test-method signature="validCheckProfileform(java.lang.String,java.lang.String,java.lang.String)[pri:6, instance:testCases.ProfileStrengthCheck@741b3bc3]" started-at="2026-03-23T09:57:33 IST" name="validCheckProfileform" data-provider="ValidProfileData" finished-at="2026-03-23T09:57:34 IST" duration-ms="1118" status="PASS">
          <params>
            <param index="0">
              <value>
                <![CDATA[0-1 years]]>
              </value>
            </param>
            <param index="1">
              <value>
                <![CDATA[5]]>
              </value>
            </param>
            <param index="2">
              <value>
                <![CDATA[5]]>
              </value>
            </param>
          </params>
          <reporter-output>
          </reporter-output>
        </test-method> <!-- validCheckProfileform -->
        <test-method signature="validCheckProfileform(java.lang.String,java.lang.String,java.lang.String)[pri:6, instance:testCases.ProfileStrengthCheck@741b3bc3]" started-at="2026-03-23T09:57:34 IST" name="validCheckProfileform" data-provider="ValidProfileData" finished-at="2026-03-23T09:57:35 IST" duration-ms="1103" status="FAIL">
          <params>
            <param index="0">
              <value>
                <![CDATA[2-5 years]]>
              </value>
            </param>
            <param index="1">
              <value>
                <![CDATA[0]]>
              </value>
            </param>
            <param index="2">
              <value>
                <![CDATA[0]]>
              </value>
            </param>
          </params>
          <exception class="java.lang.AssertionError">
            <message>
              <![CDATA[The following asserts failed:
expected [true] but found [false],
expected [true] but found [false]]]>
            </message>
            <full-stacktrace>
              <![CDATA[java.lang.AssertionError: The following asserts failed:
expected [true] but found [false],
expected [true] but found [false]
at org.testng.asserts.SoftAssert.assertAll(SoftAssert.java:46)
at org.testng.asserts.SoftAssert.assertAll(SoftAssert.java:30)
at testCases.ProfileStrengthCheck.validCheckProfileform(ProfileStrengthCheck.java:63)
at java.base/jdk.internal.reflect.DirectMethodHandleAccessor.invoke(DirectMethodHandleAccessor.java:103)
at java.base/java.lang.reflect.Method.invoke(Method.java:580)
at org.testng.internal.invokers.MethodInvocationHelper.invokeMethod(MethodInvocationHelper.java:139)
at org.testng.internal.invokers.TestInvoker.invokeMethod(TestInvoker.java:664)
at org.testng.internal.invokers.TestInvoker.invokeTestMethod(TestInvoker.java:228)
at org.testng.internal.invokers.MethodRunner.runInSequence(MethodRunner.java:63)
at org.testng.internal.invokers.TestInvoker$MethodInvocationAgent.invoke(TestInvoker.java:961)
at org.testng.internal.invokers.TestInvoker.invokeTestMethods(TestInvoker.java:201)
at org.testng.internal.invokers.TestMethodWorker.invokeTestMethods(TestMethodWorker.java:148)
at org.testng.internal.invokers.TestMethodWorker.run(TestMethodWorker.java:128)
at java.base/java.util.ArrayList.forEach(ArrayList.java:1596)
at org.testng.TestRunner.privateRun(TestRunner.java:819)
at org.testng.TestRunner.run(TestRunner.java:619)
at org.testng.SuiteRunner.runTest(SuiteRunner.java:443)
at org.testng.SuiteRunner$SuiteWorker.run(SuiteRunner.java:481)
at org.testng.internal.thread.ThreadUtil.lambda$execute$0(ThreadUtil.java:58)
at java.base/java.util.concurrent.FutureTask.run(FutureTask.java:317)
at java.base/java.util.concurrent.ThreadPoolExecutor.runWorker(ThreadPoolExecutor.java:1144)
at java.base/java.util.concurrent.ThreadPoolExecutor$Worker.run(ThreadPoolExecutor.java:642)
at java.base/java.lang.Thread.run(Thread.java:1583)
]]>
            </full-stacktrace>
          </exception> <!-- java.lang.AssertionError -->
          <reporter-output>
          </reporter-output>
        </test-method> <!-- validCheckProfileform -->
        <test-method signature="validCheckProfileform(java.lang.String,java.lang.String,java.lang.String)[pri:6, instance:testCases.ProfileStrengthCheck@741b3bc3]" started-at="2026-03-23T09:57:35 IST" name="validCheckProfileform" data-provider="ValidProfileData" finished-at="2026-03-23T09:57:37 IST" duration-ms="1127" status="FAIL">
          <params>
            <param index="0">
              <value>
                <![CDATA[2-5 years]]>
              </value>
            </param>
            <param index="1">
              <value>
                <![CDATA[1]]>
              </value>
            </param>
            <param index="2">
              <value>
                <![CDATA[1]]>
              </value>
            </param>
          </params>
          <exception class="java.lang.AssertionError">
            <message>
              <![CDATA[The following asserts failed:
expected [true] but found [false]]]>
            </message>
            <full-stacktrace>
              <![CDATA[java.lang.AssertionError: The following asserts failed:
expected [true] but found [false]
at org.testng.asserts.SoftAssert.assertAll(SoftAssert.java:46)
at org.testng.asserts.SoftAssert.assertAll(SoftAssert.java:30)
at testCases.ProfileStrengthCheck.validCheckProfileform(ProfileStrengthCheck.java:63)
at java.base/jdk.internal.reflect.DirectMethodHandleAccessor.invoke(DirectMethodHandleAccessor.java:103)
at java.base/java.lang.reflect.Method.invoke(Method.java:580)
at org.testng.internal.invokers.MethodInvocationHelper.invokeMethod(MethodInvocationHelper.java:139)
at org.testng.internal.invokers.TestInvoker.invokeMethod(TestInvoker.java:664)
at org.testng.internal.invokers.TestInvoker.invokeTestMethod(TestInvoker.java:228)
at org.testng.internal.invokers.MethodRunner.runInSequence(MethodRunner.java:63)
at org.testng.internal.invokers.TestInvoker$MethodInvocationAgent.invoke(TestInvoker.java:961)
at org.testng.internal.invokers.TestInvoker.invokeTestMethods(TestInvoker.java:201)
at org.testng.internal.invokers.TestMethodWorker.invokeTestMethods(TestMethodWorker.java:148)
at org.testng.internal.invokers.TestMethodWorker.run(TestMethodWorker.java:128)
at java.base/java.util.ArrayList.forEach(ArrayList.java:1596)
at org.testng.TestRunner.privateRun(TestRunner.java:819)
at org.testng.TestRunner.run(TestRunner.java:619)
at org.testng.SuiteRunner.runTest(SuiteRunner.java:443)
at org.testng.SuiteRunner$SuiteWorker.run(SuiteRunner.java:481)
at org.testng.internal.thread.ThreadUtil.lambda$execute$0(ThreadUtil.java:58)
at java.base/java.util.concurrent.FutureTask.run(FutureTask.java:317)
at java.base/java.util.concurrent.ThreadPoolExecutor.runWorker(ThreadPoolExecutor.java:1144)
at java.base/java.util.concurrent.ThreadPoolExecutor$Worker.run(ThreadPoolExecutor.java:642)
at java.base/java.lang.Thread.run(Thread.java:1583)
]]>
            </full-stacktrace>
          </exception> <!-- java.lang.AssertionError -->
          <reporter-output>
          </reporter-output>
        </test-method> <!-- validCheckProfileform -->
        <test-method signature="validCheckProfileform(java.lang.String,java.lang.String,java.lang.String)[pri:6, instance:testCases.ProfileStrengthCheck@741b3bc3]" started-at="2026-03-23T09:57:37 IST" name="validCheckProfileform" data-provider="ValidProfileData" finished-at="2026-03-23T09:57:38 IST" duration-ms="978" status="PASS">
          <params>
            <param index="0">
              <value>
                <![CDATA[2-5 years]]>
              </value>
            </param>
            <param index="1">
              <value>
                <![CDATA[25]]>
              </value>
            </param>
            <param index="2">
              <value>
                <![CDATA[25]]>
              </value>
            </param>
          </params>
          <reporter-output>
          </reporter-output>
        </test-method> <!-- validCheckProfileform -->
        <test-method signature="validCheckProfileform(java.lang.String,java.lang.String,java.lang.String)[pri:6, instance:testCases.ProfileStrengthCheck@741b3bc3]" started-at="2026-03-23T09:57:38 IST" name="validCheckProfileform" data-provider="ValidProfileData" finished-at="2026-03-23T09:57:39 IST" duration-ms="1011" status="FAIL">
          <params>
            <param index="0">
              <value>
                <![CDATA[6-10 years]]>
              </value>
            </param>
            <param index="1">
              <value>
                <![CDATA[0]]>
              </value>
            </param>
            <param index="2">
              <value>
                <![CDATA[0]]>
              </value>
            </param>
          </params>
          <exception class="java.lang.AssertionError">
            <message>
              <![CDATA[The following asserts failed:
expected [true] but found [false],
expected [true] but found [false]]]>
            </message>
            <full-stacktrace>
              <![CDATA[java.lang.AssertionError: The following asserts failed:
expected [true] but found [false],
expected [true] but found [false]
at org.testng.asserts.SoftAssert.assertAll(SoftAssert.java:46)
at org.testng.asserts.SoftAssert.assertAll(SoftAssert.java:30)
at testCases.ProfileStrengthCheck.validCheckProfileform(ProfileStrengthCheck.java:63)
at java.base/jdk.internal.reflect.DirectMethodHandleAccessor.invoke(DirectMethodHandleAccessor.java:103)
at java.base/java.lang.reflect.Method.invoke(Method.java:580)
at org.testng.internal.invokers.MethodInvocationHelper.invokeMethod(MethodInvocationHelper.java:139)
at org.testng.internal.invokers.TestInvoker.invokeMethod(TestInvoker.java:664)
at org.testng.internal.invokers.TestInvoker.invokeTestMethod(TestInvoker.java:228)
at org.testng.internal.invokers.MethodRunner.runInSequence(MethodRunner.java:63)
at org.testng.internal.invokers.TestInvoker$MethodInvocationAgent.invoke(TestInvoker.java:961)
at org.testng.internal.invokers.TestInvoker.invokeTestMethods(TestInvoker.java:201)
at org.testng.internal.invokers.TestMethodWorker.invokeTestMethods(TestMethodWorker.java:148)
at org.testng.internal.invokers.TestMethodWorker.run(TestMethodWorker.java:128)
at java.base/java.util.ArrayList.forEach(ArrayList.java:1596)
at org.testng.TestRunner.privateRun(TestRunner.java:819)
at org.testng.TestRunner.run(TestRunner.java:619)
at org.testng.SuiteRunner.runTest(SuiteRunner.java:443)
at org.testng.SuiteRunner$SuiteWorker.run(SuiteRunner.java:481)
at org.testng.internal.thread.ThreadUtil.lambda$execute$0(ThreadUtil.java:58)
at java.base/java.util.concurrent.FutureTask.run(FutureTask.java:317)
at java.base/java.util.concurrent.ThreadPoolExecutor.runWorker(ThreadPoolExecutor.java:1144)
at java.base/java.util.concurrent.ThreadPoolExecutor$Worker.run(ThreadPoolExecutor.java:642)
at java.base/java.lang.Thread.run(Thread.java:1583)
]]>
            </full-stacktrace>
          </exception> <!-- java.lang.AssertionError -->
          <reporter-output>
          </reporter-output>
        </test-method> <!-- validCheckProfileform -->
        <test-method signature="validCheckProfileform(java.lang.String,java.lang.String,java.lang.String)[pri:6, instance:testCases.ProfileStrengthCheck@741b3bc3]" started-at="2026-03-23T09:57:39 IST" name="validCheckProfileform" data-provider="ValidProfileData" finished-at="2026-03-23T09:57:40 IST" duration-ms="1070" status="FAIL">
          <params>
            <param index="0">
              <value>
                <![CDATA[6-10 years]]>
              </value>
            </param>
            <param index="1">
              <value>
                <![CDATA[1]]>
              </value>
            </param>
            <param index="2">
              <value>
                <![CDATA[1]]>
              </value>
            </param>
          </params>
          <exception class="java.lang.AssertionError">
            <message>
              <![CDATA[The following asserts failed:
expected [true] but found [false],
expected [true] but found [false]]]>
            </message>
            <full-stacktrace>
              <![CDATA[java.lang.AssertionError: The following asserts failed:
expected [true] but found [false],
expected [true] but found [false]
at org.testng.asserts.SoftAssert.assertAll(SoftAssert.java:46)
at org.testng.asserts.SoftAssert.assertAll(SoftAssert.java:30)
at testCases.ProfileStrengthCheck.validCheckProfileform(ProfileStrengthCheck.java:63)
at java.base/jdk.internal.reflect.DirectMethodHandleAccessor.invoke(DirectMethodHandleAccessor.java:103)
at java.base/java.lang.reflect.Method.invoke(Method.java:580)
at org.testng.internal.invokers.MethodInvocationHelper.invokeMethod(MethodInvocationHelper.java:139)
at org.testng.internal.invokers.TestInvoker.invokeMethod(TestInvoker.java:664)
at org.testng.internal.invokers.TestInvoker.invokeTestMethod(TestInvoker.java:228)
at org.testng.internal.invokers.MethodRunner.runInSequence(MethodRunner.java:63)
at org.testng.internal.invokers.TestInvoker$MethodInvocationAgent.invoke(TestInvoker.java:961)
at org.testng.internal.invokers.TestInvoker.invokeTestMethods(TestInvoker.java:201)
at org.testng.internal.invokers.TestMethodWorker.invokeTestMethods(TestMethodWorker.java:148)
at org.testng.internal.invokers.TestMethodWorker.run(TestMethodWorker.java:128)
at java.base/java.util.ArrayList.forEach(ArrayList.java:1596)
at org.testng.TestRunner.privateRun(TestRunner.java:819)
at org.testng.TestRunner.run(TestRunner.java:619)
at org.testng.SuiteRunner.runTest(SuiteRunner.java:443)
at org.testng.SuiteRunner$SuiteWorker.run(SuiteRunner.java:481)
at org.testng.internal.thread.ThreadUtil.lambda$execute$0(ThreadUtil.java:58)
at java.base/java.util.concurrent.FutureTask.run(FutureTask.java:317)
at java.base/java.util.concurrent.ThreadPoolExecutor.runWorker(ThreadPoolExecutor.java:1144)
at java.base/java.util.concurrent.ThreadPoolExecutor$Worker.run(ThreadPoolExecutor.java:642)
at java.base/java.lang.Thread.run(Thread.java:1583)
]]>
            </full-stacktrace>
          </exception> <!-- java.lang.AssertionError -->
          <reporter-output>
          </reporter-output>
        </test-method> <!-- validCheckProfileform -->
        <test-method signature="validCheckProfileform(java.lang.String,java.lang.String,java.lang.String)[pri:6, instance:testCases.ProfileStrengthCheck@741b3bc3]" started-at="2026-03-23T09:57:41 IST" name="validCheckProfileform" data-provider="ValidProfileData" finished-at="2026-03-23T09:57:42 IST" duration-ms="1616" status="PASS">
          <params>
            <param index="0">
              <value>
                <![CDATA[6-10 years]]>
              </value>
            </param>
            <param index="1">
              <value>
                <![CDATA[75]]>
              </value>
            </param>
            <param index="2">
              <value>
                <![CDATA[75]]>
              </value>
            </param>
          </params>
          <reporter-output>
          </reporter-output>
        </test-method> <!-- validCheckProfileform -->
        <test-method signature="validCheckProfileform(java.lang.String,java.lang.String,java.lang.String)[pri:6, instance:testCases.ProfileStrengthCheck@741b3bc3]" started-at="2026-03-23T09:57:42 IST" name="validCheckProfileform" data-provider="ValidProfileData" finished-at="2026-03-23T09:57:44 IST" duration-ms="1708" status="FAIL">
          <params>
            <param index="0">
              <value>
                <![CDATA[10+ years]]>
              </value>
            </param>
            <param index="1">
              <value>
                <![CDATA[0]]>
              </value>
            </param>
            <param index="2">
              <value>
                <![CDATA[0]]>
              </value>
            </param>
          </params>
          <exception class="java.lang.AssertionError">
            <message>
              <![CDATA[The following asserts failed:
expected [true] but found [false]]]>
            </message>
            <full-stacktrace>
              <![CDATA[java.lang.AssertionError: The following asserts failed:
expected [true] but found [false]
at org.testng.asserts.SoftAssert.assertAll(SoftAssert.java:46)
at org.testng.asserts.SoftAssert.assertAll(SoftAssert.java:30)
at testCases.ProfileStrengthCheck.validCheckProfileform(ProfileStrengthCheck.java:63)
at java.base/jdk.internal.reflect.DirectMethodHandleAccessor.invoke(DirectMethodHandleAccessor.java:103)
at java.base/java.lang.reflect.Method.invoke(Method.java:580)
at org.testng.internal.invokers.MethodInvocationHelper.invokeMethod(MethodInvocationHelper.java:139)
at org.testng.internal.invokers.TestInvoker.invokeMethod(TestInvoker.java:664)
at org.testng.internal.invokers.TestInvoker.invokeTestMethod(TestInvoker.java:228)
at org.testng.internal.invokers.MethodRunner.runInSequence(MethodRunner.java:63)
at org.testng.internal.invokers.TestInvoker$MethodInvocationAgent.invoke(TestInvoker.java:961)
at org.testng.internal.invokers.TestInvoker.invokeTestMethods(TestInvoker.java:201)
at org.testng.internal.invokers.TestMethodWorker.invokeTestMethods(TestMethodWorker.java:148)
at org.testng.internal.invokers.TestMethodWorker.run(TestMethodWorker.java:128)
at java.base/java.util.ArrayList.forEach(ArrayList.java:1596)
at org.testng.TestRunner.privateRun(TestRunner.java:819)
at org.testng.TestRunner.run(TestRunner.java:619)
at org.testng.SuiteRunner.runTest(SuiteRunner.java:443)
at org.testng.SuiteRunner$SuiteWorker.run(SuiteRunner.java:481)
at org.testng.internal.thread.ThreadUtil.lambda$execute$0(ThreadUtil.java:58)
at java.base/java.util.concurrent.FutureTask.run(FutureTask.java:317)
at java.base/java.util.concurrent.ThreadPoolExecutor.runWorker(ThreadPoolExecutor.java:1144)
at java.base/java.util.concurrent.ThreadPoolExecutor$Worker.run(ThreadPoolExecutor.java:642)
at java.base/java.lang.Thread.run(Thread.java:1583)
]]>
            </full-stacktrace>
          </exception> <!-- java.lang.AssertionError -->
          <reporter-output>
          </reporter-output>
        </test-method> <!-- validCheckProfileform -->
        <test-method signature="validCheckProfileform(java.lang.String,java.lang.String,java.lang.String)[pri:6, instance:testCases.ProfileStrengthCheck@741b3bc3]" started-at="2026-03-23T09:57:44 IST" name="validCheckProfileform" data-provider="ValidProfileData" finished-at="2026-03-23T09:57:46 IST" duration-ms="1540" status="PASS">
          <params>
            <param index="0">
              <value>
                <![CDATA[10+ years]]>
              </value>
            </param>
            <param index="1">
              <value>
                <![CDATA[250]]>
              </value>
            </param>
            <param index="2">
              <value>
                <![CDATA[250]]>
              </value>
            </param>
          </params>
          <reporter-output>
          </reporter-output>
        </test-method> <!-- validCheckProfileform -->
        <test-method signature="validCheckProfileform(java.lang.String,java.lang.String,java.lang.String)[pri:6, instance:testCases.ProfileStrengthCheck@741b3bc3]" started-at="2026-03-23T09:57:46 IST" name="validCheckProfileform" data-provider="ValidProfileData" finished-at="2026-03-23T09:57:47 IST" duration-ms="1087" status="PASS">
          <params>
            <param index="0">
              <value>
                <![CDATA[10+ years]]>
              </value>
            </param>
            <param index="1">
              <value>
                <![CDATA[1]]>
              </value>
            </param>
            <param index="2">
              <value>
                <![CDATA[1]]>
              </value>
            </param>
          </params>
          <reporter-output>
          </reporter-output>
        </test-method> <!-- validCheckProfileform -->
        <test-method signature="invalidCheckProfileForm(java.lang.String,java.lang.String,java.lang.String)[pri:7, instance:testCases.ProfileStrengthCheck@741b3bc3]" started-at="2026-03-23T09:57:47 IST" name="invalidCheckProfileForm" data-provider="InvalidProfileData" finished-at="2026-03-23T09:57:48 IST" duration-ms="803" status="PASS">
          <params>
            <param index="0">
              <value>
                <![CDATA[0-1 years]]>
              </value>
            </param>
            <param index="1">
              <value>
                <![CDATA[6]]>
              </value>
            </param>
            <param index="2">
              <value>
                <![CDATA[6]]>
              </value>
            </param>
          </params>
          <reporter-output>
          </reporter-output>
        </test-method> <!-- invalidCheckProfileForm -->
        <test-method signature="invalidCheckProfileForm(java.lang.String,java.lang.String,java.lang.String)[pri:7, instance:testCases.ProfileStrengthCheck@741b3bc3]" started-at="2026-03-23T09:57:48 IST" name="invalidCheckProfileForm" data-provider="InvalidProfileData" finished-at="2026-03-23T09:57:48 IST" duration-ms="812" status="PASS">
          <params>
            <param index="0">
              <value>
                <![CDATA[2-5 years]]>
              </value>
            </param>
            <param index="1">
              <value>
                <![CDATA[26]]>
              </value>
            </param>
            <param index="2">
              <value>
                <![CDATA[26]]>
              </value>
            </param>
          </params>
          <reporter-output>
          </reporter-output>
        </test-method> <!-- invalidCheckProfileForm -->
        <test-method signature="invalidCheckProfileForm(java.lang.String,java.lang.String,java.lang.String)[pri:7, instance:testCases.ProfileStrengthCheck@741b3bc3]" started-at="2026-03-23T09:57:48 IST" name="invalidCheckProfileForm" data-provider="InvalidProfileData" finished-at="2026-03-23T09:57:49 IST" duration-ms="793" status="PASS">
          <params>
            <param index="0">
              <value>
                <![CDATA[6-10 years]]>
              </value>
            </param>
            <param index="1">
              <value>
                <![CDATA[76]]>
              </value>
            </param>
            <param index="2">
              <value>
                <![CDATA[76]]>
              </value>
            </param>
          </params>
          <reporter-output>
          </reporter-output>
        </test-method> <!-- invalidCheckProfileForm -->
        <test-method signature="invalidCheckProfileForm(java.lang.String,java.lang.String,java.lang.String)[pri:7, instance:testCases.ProfileStrengthCheck@741b3bc3]" started-at="2026-03-23T09:57:49 IST" name="invalidCheckProfileForm" data-provider="InvalidProfileData" finished-at="2026-03-23T09:57:50 IST" duration-ms="711" status="PASS">
          <params>
            <param index="0">
              <value>
                <![CDATA[10+ years]]>
              </value>
            </param>
            <param index="1">
              <value>
                <![CDATA[260]]>
              </value>
            </param>
            <param index="2">
              <value>
                <![CDATA[260]]>
              </value>
            </param>
          </params>
          <reporter-output>
          </reporter-output>
        </test-method> <!-- invalidCheckProfileForm -->
        <test-method signature="analyticsNavCheckInHome2()[pri:8, instance:testCases.ProfileStrengthCheck@741b3bc3]" started-at="2026-03-23T09:57:50 IST" name="analyticsNavCheckInHome2" finished-at="2026-03-23T09:57:51 IST" duration-ms="562" status="PASS">
          <reporter-output>
          </reporter-output>
        </test-method> <!-- analyticsNavCheckInHome2 -->
        <test-method signature="checkAnalyzeAnotherProfileLink()[pri:9, instance:testCases.ProfileStrengthCheck@741b3bc3]" started-at="2026-03-23T09:57:51 IST" name="checkAnalyzeAnotherProfileLink" finished-at="2026-03-23T09:57:51 IST" duration-ms="385" status="PASS">
          <reporter-output>
          </reporter-output>
        </test-method> <!-- checkAnalyzeAnotherProfileLink -->
      </class> <!-- testCases.ProfileStrengthCheck -->
    </test> <!-- edgetest -->
  </suite> <!-- Suite -->
</testng-results>
