<?xml version="1.0" encoding="UTF-8"?>
<!-- Generated by org.testng.reporters.JUnitReportReporter -->
<testsuite hostname="LTIN689647" failures="0" tests="8" name="testCases.HeaderCheck" time="3.478" errors="0" timestamp="2026-03-23T09:57:53 IST" skipped="0">
  <testcase classname="testCases.HeaderCheck" name="headerCheck" time="0.116"/>
  <testcase classname="testCases.HeaderCheck" name="headerCheck" time="0.046"/>
  <testcase classname="testCases.HeaderCheck" name="homeNavigationCheck" time="0.354"/>
  <testcase classname="testCases.HeaderCheck" name="homeNavigationCheck" time="0.373"/>
  <testcase classname="testCases.HeaderCheck" name="analyticsNavigationCheck" time="0.530"/>
  <testcase classname="testCases.HeaderCheck" name="analyticsNavigationCheck" time="1.214"/>
  <testcase classname="testCases.HeaderCheck" name="ThemeCheck" time="0.407"/>
  <testcase classname="testCases.HeaderCheck" name="ThemeCheck" time="0.438"/>
</testsuite> <!-- testCases.HeaderCheck -->
