<?xml version="1.0" encoding="UTF-8"?>
<!-- Generated by org.testng.reporters.JUnitReportReporter -->
<testsuite hostname="LTIN689647" failures="0" tests="8" name="testCases.HeaderCheck" time="4.745" errors="0" timestamp="2026-03-30T14:26:14 IST" skipped="0">
  <testcase classname="testCases.HeaderCheck" name="headerCheck" time="0.071"/>
  <testcase classname="testCases.HeaderCheck" name="headerCheck" time="0.087"/>
  <testcase classname="testCases.HeaderCheck" name="homeNavigationCheck" time="0.455"/>
  <testcase classname="testCases.HeaderCheck" name="homeNavigationCheck" time="0.453"/>
  <testcase classname="testCases.HeaderCheck" name="analyticsNavigationCheck" time="1.354"/>
  <testcase classname="testCases.HeaderCheck" name="analyticsNavigationCheck" time="1.421"/>
  <testcase classname="testCases.HeaderCheck" name="ThemeCheck" time="0.467"/>
  <testcase classname="testCases.HeaderCheck" name="ThemeCheck" time="0.437"/>
</testsuite> <!-- testCases.HeaderCheck -->
